<?xml version="1.0" encoding="UTF-8"?>
<testng-results skipped="0" failed="0" ignored="0" total="1" passed="1">
  <reporter-output>
  </reporter-output>
  <suite name="Covid19IndiaTestReport" duration-ms="40106" started-at="2020-05-06T23:08:15Z" finished-at="2020-05-06T23:08:55Z">
    <groups>
      <group name="regression">
        <method signature="CovidIndiaUITest.verifyGreenZonesOfAllStates()[pri:0, instance:com.ui.testautomation.CovidIndiaUITest@6475472c]" name="verifyGreenZonesOfAllStates" class="com.ui.testautomation.CovidIndiaUITest"/>
        <method signature="CovidIndiaUITest.verifyOrangeZonesOfAllStates()[pri:0, instance:com.ui.testautomation.CovidIndiaUITest@6475472c]" name="verifyOrangeZonesOfAllStates" class="com.ui.testautomation.CovidIndiaUITest"/>
        <method signature="CovidIndiaUITest.verifyRedZonesOfAllStates()[pri:0, instance:com.ui.testautomation.CovidIndiaUITest@6475472c]" name="verifyRedZonesOfAllStates" class="com.ui.testautomation.CovidIndiaUITest"/>
        <method signature="CovidIndiaUITest.verifyUnDefinedZonesOfAllStates()[pri:0, instance:com.ui.testautomation.CovidIndiaUITest@6475472c]" name="verifyUnDefinedZonesOfAllStates" class="com.ui.testautomation.CovidIndiaUITest"/>
        <method signature="CovidIndiaUITest.verifyUnknownWhiteZonesOfAllStates()[pri:0, instance:com.ui.testautomation.CovidIndiaUITest@6475472c]" name="verifyUnknownWhiteZonesOfAllStates" class="com.ui.testautomation.CovidIndiaUITest"/>
      </group> <!-- regression -->
      <group name="smoke">
        <method signature="CovidIndiaUITest.checkCaseCalculationsForAllStates()[pri:0, instance:com.ui.testautomation.CovidIndiaUITest@6475472c]" name="checkCaseCalculationsForAllStates" class="com.ui.testautomation.CovidIndiaUITest"/>
        <method signature="CovidIndiaUITest.checkCaseCalculationsForChandigarh()[pri:0, instance:com.ui.testautomation.CovidIndiaUITest@6475472c]" name="checkCaseCalculationsForChandigarh" class="com.ui.testautomation.CovidIndiaUITest"/>
        <method signature="CovidIndiaUITest.verifyRedZonesOfAllStates()[pri:0, instance:com.ui.testautomation.CovidIndiaUITest@6475472c]" name="verifyRedZonesOfAllStates" class="com.ui.testautomation.CovidIndiaUITest"/>
      </group> <!-- smoke -->
      <group name="regression1">
        <method signature="CovidIndiaUITest.checkCaseCalculationsForAllStates()[pri:0, instance:com.ui.testautomation.CovidIndiaUITest@6475472c]" name="checkCaseCalculationsForAllStates" class="com.ui.testautomation.CovidIndiaUITest"/>
      </group> <!-- regression1 -->
      <group name="sanity">
        <method signature="CovidIndiaUITest.checkCaseCalculationsForDelhi()[pri:0, instance:com.ui.testautomation.CovidIndiaUITest@6475472c]" name="checkCaseCalculationsForDelhi" class="com.ui.testautomation.CovidIndiaUITest"/>
        <method signature="CovidIndiaUITest.verifyRedZonesOfAllStates()[pri:0, instance:com.ui.testautomation.CovidIndiaUITest@6475472c]" name="verifyRedZonesOfAllStates" class="com.ui.testautomation.CovidIndiaUITest"/>
      </group> <!-- sanity -->
      <group name="essentials">
        <method signature="CovidIndiaUITest.verifyEssentialsOfAllStates()[pri:0, instance:com.ui.testautomation.CovidIndiaUITest@6475472c]" name="verifyEssentialsOfAllStates" class="com.ui.testautomation.CovidIndiaUITest"/>
      </group> <!-- essentials -->
      <group name="failed">
        <method signature="CovidIndiaUITest.checkCaseCalculationsOfTripuraIsGreaterThan10()[pri:0, instance:com.ui.testautomation.CovidIndiaUITest@6475472c]" name="checkCaseCalculationsOfTripuraIsGreaterThan10" class="com.ui.testautomation.CovidIndiaUITest"/>
      </group> <!-- failed -->
    </groups>
    <test name="Test_Framework-Basic_Tests" duration-ms="40106" started-at="2020-05-06T23:08:15Z" finished-at="2020-05-06T23:08:55Z">
      <class name="com.ui.testautomation.CovidIndiaUITest">
        <test-method status="PASS" signature="initiateMethod(java.lang.reflect.Method)[pri:0, instance:com.ui.testautomation.CovidIndiaUITest@6475472c]" name="initiateMethod" is-config="true" duration-ms="6049" started-at="2020-05-07T04:38:15Z" finished-at="2020-05-07T04:38:21Z">
          <params>
            <param index="0">
              <value>
                <![CDATA[public void com.ui.testautomation.CovidIndiaUITest.verifyEssentialsOfAllStates()]]>
              </value>
            </param>
          </params>
          <reporter-output>
          </reporter-output>
        </test-method> <!-- initiateMethod -->
        <test-method status="PASS" signature="verifyEssentialsOfAllStates()[pri:0, instance:com.ui.testautomation.CovidIndiaUITest@6475472c]" name="verifyEssentialsOfAllStates" duration-ms="23330" started-at="2020-05-07T04:38:21Z" description="Verify the essentials Listed for all states with API call" finished-at="2020-05-07T04:38:44Z">
          <reporter-output>
          </reporter-output>
        </test-method> <!-- verifyEssentialsOfAllStates -->
        <test-method status="PASS" signature="finish(java.lang.reflect.Method)[pri:0, instance:com.ui.testautomation.CovidIndiaUITest@6475472c]" name="finish" is-config="true" duration-ms="10620" started-at="2020-05-07T04:38:44Z" finished-at="2020-05-07T04:38:55Z">
          <params>
            <param index="0">
              <value>
                <![CDATA[public void com.ui.testautomation.CovidIndiaUITest.verifyEssentialsOfAllStates()]]>
              </value>
            </param>
          </params>
          <reporter-output>
          </reporter-output>
        </test-method> <!-- finish -->
        <test-method status="PASS" signature="quit()[pri:0, instance:com.ui.testautomation.CovidIndiaUITest@6475472c]" name="quit" is-config="true" duration-ms="54" started-at="2020-05-07T04:38:55Z" finished-at="2020-05-07T04:38:55Z">
          <reporter-output>
          </reporter-output>
        </test-method> <!-- quit -->
      </class> <!-- com.ui.testautomation.CovidIndiaUITest -->
    </test> <!-- Test_Framework-Basic_Tests -->
  </suite> <!-- Covid19IndiaTestReport -->
</testng-results>
