<?xml version="1.0" encoding="UTF-8"?>
<testng-results skipped="0" failed="1" ignored="0" total="2" passed="1">
  <reporter-output>
  </reporter-output>
  <suite name="Covid19IndiaTestReport" duration-ms="139281" started-at="2020-05-05T13:41:14Z" finished-at="2020-05-05T13:43:34Z">
    <groups>
      <group name="regression">
        <method signature="CovidIndiaUITest.verifyGreenZonesOfAllStates()[pri:0, instance:com.ui.testautomation.CovidIndiaUITest@7ce97ee5]" name="verifyGreenZonesOfAllStates" class="com.ui.testautomation.CovidIndiaUITest"/>
        <method signature="CovidIndiaUITest.verifyOrangeZonesOfAllStates()[pri:0, instance:com.ui.testautomation.CovidIndiaUITest@7ce97ee5]" name="verifyOrangeZonesOfAllStates" class="com.ui.testautomation.CovidIndiaUITest"/>
        <method signature="CovidIndiaUITest.verifyRedZonesOfAllStates()[pri:0, instance:com.ui.testautomation.CovidIndiaUITest@7ce97ee5]" name="verifyRedZonesOfAllStates" class="com.ui.testautomation.CovidIndiaUITest"/>
        <method signature="CovidIndiaUITest.verifyUnDefinedZonesOfAllStates()[pri:0, instance:com.ui.testautomation.CovidIndiaUITest@7ce97ee5]" name="verifyUnDefinedZonesOfAllStates" class="com.ui.testautomation.CovidIndiaUITest"/>
        <method signature="CovidIndiaUITest.verifyUnknownWhiteZonesOfAllStates()[pri:0, instance:com.ui.testautomation.CovidIndiaUITest@7ce97ee5]" name="verifyUnknownWhiteZonesOfAllStates" class="com.ui.testautomation.CovidIndiaUITest"/>
      </group> <!-- regression -->
      <group name="smoke">
        <method signature="CovidIndiaUITest.checkCaseCalculationsForAllStates()[pri:0, instance:com.ui.testautomation.CovidIndiaUITest@7ce97ee5]" name="checkCaseCalculationsForAllStates" class="com.ui.testautomation.CovidIndiaUITest"/>
        <method signature="CovidIndiaUITest.checkCaseCalculationsForChandigarh()[pri:0, instance:com.ui.testautomation.CovidIndiaUITest@7ce97ee5]" name="checkCaseCalculationsForChandigarh" class="com.ui.testautomation.CovidIndiaUITest"/>
        <method signature="CovidIndiaUITest.verifyRedZonesOfAllStates()[pri:0, instance:com.ui.testautomation.CovidIndiaUITest@7ce97ee5]" name="verifyRedZonesOfAllStates" class="com.ui.testautomation.CovidIndiaUITest"/>
      </group> <!-- smoke -->
      <group name="regression1">
        <method signature="CovidIndiaUITest.checkCaseCalculationsForAllStates()[pri:0, instance:com.ui.testautomation.CovidIndiaUITest@7ce97ee5]" name="checkCaseCalculationsForAllStates" class="com.ui.testautomation.CovidIndiaUITest"/>
      </group> <!-- regression1 -->
      <group name="sanity">
        <method signature="CovidIndiaUITest.checkCaseCalculationsForDelhi()[pri:0, instance:com.ui.testautomation.CovidIndiaUITest@7ce97ee5]" name="checkCaseCalculationsForDelhi" class="com.ui.testautomation.CovidIndiaUITest"/>
        <method signature="CovidIndiaUITest.verifyRedZonesOfAllStates()[pri:0, instance:com.ui.testautomation.CovidIndiaUITest@7ce97ee5]" name="verifyRedZonesOfAllStates" class="com.ui.testautomation.CovidIndiaUITest"/>
      </group> <!-- sanity -->
      <group name="failed">
        <method signature="CovidIndiaUITest.checkCaseCalculationsOfTripuraIsGreaterThan10()[pri:0, instance:com.ui.testautomation.CovidIndiaUITest@7ce97ee5]" name="checkCaseCalculationsOfTripuraIsGreaterThan10" class="com.ui.testautomation.CovidIndiaUITest"/>
      </group> <!-- failed -->
    </groups>
    <test name="Test_Framework-Basic_Tests" duration-ms="139281" started-at="2020-05-05T13:41:14Z" finished-at="2020-05-05T13:43:34Z">
      <class name="com.ui.testautomation.CovidIndiaUITest">
        <test-method status="PASS" signature="initiateMethod(java.lang.reflect.Method)[pri:0, instance:com.ui.testautomation.CovidIndiaUITest@7ce97ee5]" name="initiateMethod" is-config="true" duration-ms="3381" started-at="2020-05-05T19:11:14Z" finished-at="2020-05-05T19:11:18Z">
          <params>
            <param index="0">
              <value>
                <![CDATA[public void com.ui.testautomation.CovidIndiaUITest.checkCaseCalculationsForDelhi()]]>
              </value>
            </param>
          </params>
          <reporter-output>
          </reporter-output>
        </test-method> <!-- initiateMethod -->
        <test-method status="FAIL" signature="checkCaseCalculationsForDelhi()[pri:0, instance:com.ui.testautomation.CovidIndiaUITest@7ce97ee5]" name="checkCaseCalculationsForDelhi" duration-ms="12078" started-at="2020-05-05T19:11:18Z" description="Checks &amp; verify the total case calculation after recovered and death for Maharashtra" finished-at="2020-05-05T19:11:30Z">
          <exception class="java.lang.AssertionError">
            <message>
              <![CDATA[Data on UI & API doesnot match expected [true] but found [false]]]>
            </message>
            <full-stacktrace>
              <![CDATA[java.lang.AssertionError: Data on UI & API doesnot match expected [true] but found [false]
	at org.testng.Assert.fail(Assert.java:94)
	at org.testng.Assert.failNotEquals(Assert.java:513)
	at org.testng.Assert.assertTrue(Assert.java:42)
	at com.app.testautomation.utilities.Assertions.assertTrue(Assertions.java:24)
	at com.ui.testautomation.CovidIndiaUITest.checkCaseCalculationsForDelhi(CovidIndiaUITest.java:62)
	at sun.reflect.NativeMethodAccessorImpl.invoke0(Native Method)
	at sun.reflect.NativeMethodAccessorImpl.invoke(NativeMethodAccessorImpl.java:62)
	at sun.reflect.DelegatingMethodAccessorImpl.invoke(DelegatingMethodAccessorImpl.java:43)
	at java.lang.reflect.Method.invoke(Method.java:498)
	at org.testng.internal.MethodInvocationHelper.invokeMethod(MethodInvocationHelper.java:104)
	at org.testng.internal.Invoker.invokeMethod(Invoker.java:645)
	at org.testng.internal.Invoker.invokeTestMethod(Invoker.java:851)
	at org.testng.internal.Invoker.invokeTestMethods(Invoker.java:1177)
	at org.testng.internal.TestMethodWorker.invokeTestMethods(TestMethodWorker.java:129)
	at org.testng.internal.TestMethodWorker.run(TestMethodWorker.java:112)
	at org.testng.TestRunner.privateRun(TestRunner.java:756)
	at org.testng.TestRunner.run(TestRunner.java:610)
	at org.testng.SuiteRunner.runTest(SuiteRunner.java:387)
	at org.testng.SuiteRunner.runSequentially(SuiteRunner.java:382)
	at org.testng.SuiteRunner.privateRun(SuiteRunner.java:340)
	at org.testng.SuiteRunner.run(SuiteRunner.java:289)
	at org.testng.SuiteRunnerWorker.runSuite(SuiteRunnerWorker.java:52)
	at org.testng.SuiteRunnerWorker.run(SuiteRunnerWorker.java:86)
	at org.testng.TestNG.runSuitesSequentially(TestNG.java:1293)
	at org.testng.TestNG.runSuitesLocally(TestNG.java:1218)
	at org.testng.TestNG.runSuites(TestNG.java:1133)
	at org.testng.TestNG.run(TestNG.java:1104)
	at org.apache.maven.surefire.testng.TestNGExecutor.run(TestNGExecutor.java:283)
	at org.apache.maven.surefire.testng.TestNGXmlTestSuite.execute(TestNGXmlTestSuite.java:75)
	at org.apache.maven.surefire.testng.TestNGProvider.invoke(TestNGProvider.java:120)
	at org.apache.maven.surefire.booter.ForkedBooter.invokeProviderInSameClassLoader(ForkedBooter.java:373)
	at org.apache.maven.surefire.booter.ForkedBooter.runSuitesInProcess(ForkedBooter.java:334)
	at org.apache.maven.surefire.booter.ForkedBooter.execute(ForkedBooter.java:119)
	at org.apache.maven.surefire.booter.ForkedBooter.main(ForkedBooter.java:407)
]]>
            </full-stacktrace>
          </exception> <!-- java.lang.AssertionError -->
          <reporter-output>
          </reporter-output>
        </test-method> <!-- checkCaseCalculationsForDelhi -->
        <test-method status="PASS" signature="finish(java.lang.reflect.Method)[pri:0, instance:com.ui.testautomation.CovidIndiaUITest@7ce97ee5]" name="finish" is-config="true" duration-ms="6229" started-at="2020-05-05T19:11:30Z" finished-at="2020-05-05T19:11:36Z">
          <params>
            <param index="0">
              <value>
                <![CDATA[public void com.ui.testautomation.CovidIndiaUITest.checkCaseCalculationsForDelhi()]]>
              </value>
            </param>
          </params>
          <reporter-output>
          </reporter-output>
        </test-method> <!-- finish -->
        <test-method status="PASS" signature="initiateMethod(java.lang.reflect.Method)[pri:0, instance:com.ui.testautomation.CovidIndiaUITest@7ce97ee5]" name="initiateMethod" is-config="true" duration-ms="13292" started-at="2020-05-05T19:11:36Z" finished-at="2020-05-05T19:11:49Z">
          <params>
            <param index="0">
              <value>
                <![CDATA[public void com.ui.testautomation.CovidIndiaUITest.verifyRedZonesOfAllStates()]]>
              </value>
            </param>
          </params>
          <reporter-output>
          </reporter-output>
        </test-method> <!-- initiateMethod -->
        <test-method status="PASS" signature="verifyRedZonesOfAllStates()[pri:0, instance:com.ui.testautomation.CovidIndiaUITest@7ce97ee5]" name="verifyRedZonesOfAllStates" duration-ms="94409" started-at="2020-05-05T19:11:49Z" description="Check the Red zones of all states" finished-at="2020-05-05T19:13:24Z">
          <reporter-output>
          </reporter-output>
        </test-method> <!-- verifyRedZonesOfAllStates -->
        <test-method status="PASS" signature="finish(java.lang.reflect.Method)[pri:0, instance:com.ui.testautomation.CovidIndiaUITest@7ce97ee5]" name="finish" is-config="true" duration-ms="9525" started-at="2020-05-05T19:13:24Z" finished-at="2020-05-05T19:13:34Z">
          <params>
            <param index="0">
              <value>
                <![CDATA[public void com.ui.testautomation.CovidIndiaUITest.verifyRedZonesOfAllStates()]]>
              </value>
            </param>
          </params>
          <reporter-output>
          </reporter-output>
        </test-method> <!-- finish -->
        <test-method status="PASS" signature="quit()[pri:0, instance:com.ui.testautomation.CovidIndiaUITest@7ce97ee5]" name="quit" is-config="true" duration-ms="60" started-at="2020-05-05T19:13:34Z" finished-at="2020-05-05T19:13:34Z">
          <reporter-output>
          </reporter-output>
        </test-method> <!-- quit -->
      </class> <!-- com.ui.testautomation.CovidIndiaUITest -->
    </test> <!-- Test_Framework-Basic_Tests -->
  </suite> <!-- Covid19IndiaTestReport -->
</testng-results>
