<?xml version="1.0" encoding="UTF-8"?>
<testsuite xmlns:xsi="http://www.w3.org/2001/XMLSchema-instance" xsi:noNamespaceSchemaLocation="https://maven.apache.org/surefire/maven-surefire-plugin/xsd/surefire-test-report.xsd" name="TestSuite" time="185.497" tests="6" errors="0" skipped="1" failures="1">
  <properties>
[...]
</properties>
  <testcase name="checkCaseCalculationsForAllStates" classname="com.ui.testautomation.CovidIndiaUITest" time="81.361"/>
  <testcase name="checkCaseCalculationsForChandigarh" classname="com.ui.testautomation.CovidIndiaUITest" time="4.33"/>
  <testcase name="checkCaseCalculationsForDelhi" classname="com.ui.testautomation.CovidIndiaUITest" time="4.323"/>
  <testcase name="checkCaseCalculationsOfTripuraIsGreaterThan10" classname="com.ui.testautomation.CovidIndiaUITest" time="0">
    <skipped message="Case count is not greater than 10 expected [true] but found [false]"/>
    <system-out><![CDATA[checkCaseCalculationsForDelhi executed.
Driver is closed
Driver called off
Driver session is not active
invalid session id
Build info: version: '3.11.0', revision: 'e59cfb3', time: '2018-03-11T20:26:55.152Z'
System info: host: 'RANADEEP_BANIK', ip: '192.168.1.75', os.name: 'Windows 10', os.arch: 'amd64', os.version: '10.0', java.version: '1.8.0_241'
Driver info: org.openqa.selenium.chrome.ChromeDriver
Capabilities {acceptInsecureCerts: true, browserName: chrome, browserVersion: 80.0.3987.163, chrome: {chromedriverVersion: 80.0.3987.106 (f68069574609..., userDataDir: C:\Users\ranad\AppData\Loca...}, goog:chromeOptions: {debuggerAddress: localhost:56333}, javascriptEnabled: true, networkConnectionEnabled: false, pageLoadStrategy: normal, platform: WINDOWS, platformName: WINDOWS, proxy: Proxy(), setWindowRect: true, strictFileInteractability: false, timeouts: {implicit: 0, pageLoad: 300000, script: 30000}, unhandledPromptBehavior: dismiss and notify}
Session ID: d0723d75fc965e371b994a19a380b271
return new ApplicationContextInitiator()
Application context created and initiated all the beans in Spring bean container
Default properties/capabilities initiated for CHROME driver
Default properties/capabilities initiated for FIREFOX driver
Default properties/capabilities initiated for INTERNET EXPLORER driver
Default properties/capabilities initiated for FIREFOX driver
Driver instance is null
Browser key provided : chrome
Starting GOOGLE CHROME Driver....
chrome browser initiated
Driver implicit wait initiated for 30 SECONDS
Screen shot captured while driver initiation
Find the screen shot at : src/test/resources/shots/Abosulute-Driver_0_chrome.jpg
Screen shot captured while driver initiation
Find the screen shot at : src/test/resources/shots/Abosulute-Driver_1_chrome.jpg
Browser window maximized
WebDriver initiated
Fetched properties file on location : D:\git\test-framework-restassured-selenium-spring-00/log4j.properties
System value 'log4j.overwrite' : false
Modified properties file with key : log4j.appender.HTML_FILE.Append, Value : false
Properties file on locationD:\git\test-framework-restassured-selenium-spring-00/log4j.properties updated
Modified properties file with key : log4j.appender.FILE.Append, Value : false
Properties file on locationD:\git\test-framework-restassured-selenium-spring-00/log4j.properties updated
Initiating Method : checkCaseCalculationsOfTripuraIsGreaterThan10
Navigated to : http://www.covid19India.org
Screen shot captured at Covid19IndiaDashboard page
Find the screen shot at : src/test/resources/shots/RDB_39_Covid19India_Covid19IndiaDashboard.jpg
Column number with header Confirmed : 2
Screen shot captured at explicit_failed page
Find the screen shot at : src/test/resources/shots/RDB_40_Covid19India_explicit_failed.jpg
]]></system-out>
    <system-err><![CDATA[Apr 18, 2020 2:18:35 AM com.app.testautomation.listeners.MethodInvokeListener beforeInvocation
INFO: Method finish is not enabled
Apr 18, 2020 2:18:36 AM com.app.testautomation.listeners.MethodInvokeListener beforeInvocation
INFO: Method initiateMethod is not enabled
Starting ChromeDriver 80.0.3987.106 (f68069574609230cf9b635cd784cfb1bf81bb53a-refs/branch-heads/3987@{#882}) on port 44193
Only local connections are allowed.
Please protect ports used by ChromeDriver and related test frameworks to prevent access by malicious code.
[1587156519.146][WARNING]: Timed out connecting to Chrome, retrying...
[1587156523.158][WARNING]: Timed out connecting to Chrome, retrying...
Apr 18, 2020 2:18:45 AM org.openqa.selenium.remote.ProtocolHandshake createSession
INFO: Detected dialect: W3C
log4j:WARN No such property [maxFileSize] in org.apache.log4j.FileAppender.
log4j:WARN No such property [maxBackupIndex] in org.apache.log4j.FileAppender.
[1587156526.110][SEVERE]: Timed out receiving message from renderer: 0.100
[1587156526.392][SEVERE]: Timed out receiving message from renderer: 0.100
Apr 18, 2020 2:18:47 AM com.app.testautomation.listeners.BasicTestListeners onTestStart
INFO: Executiing method : checkCaseCalculationsOfTripuraIsGreaterThan10
Apr 18, 2020 2:18:47 AM com.app.testautomation.listeners.MethodInvokeListener beforeInvocation
INFO: Method checkCaseCalculationsOfTripuraIsGreaterThan10 execution starts on : Sat Apr 18 02:18:47 IST 2020
Apr 18, 2020 2:18:51 AM com.app.testautomation.listeners.MethodRerunListener retry
INFO: Re-executing the method : checkCaseCalculationsOfTripuraIsGreaterThan10With count : 1
Apr 18, 2020 2:18:51 AM com.app.testautomation.listeners.MethodInvokeListener afterInvocation
INFO: MethodcheckCaseCalculationsOfTripuraIsGreaterThan10 execution completed on : Sat Apr 18 02:18:47 IST 2020
]]></system-err>
  </testcase>
  <testcase name="checkCaseCalculationsOfTripuraIsGreaterThan10" classname="com.ui.testautomation.CovidIndiaUITest" time="3.284">
    <failure message="Case count is not greater than 10 expected [true] but found [false]" type="java.lang.AssertionError">java.lang.AssertionError: Case count is not greater than 10 expected [true] but found [false]
	at com.ui.testautomation.CovidIndiaUITest.checkCaseCalculationsOfTripuraIsGreaterThan10(CovidIndiaUITest.java:55)
</failure>
    <system-out><![CDATA[checkCaseCalculationsOfTripuraIsGreaterThan10 executed.
Driver is closed
Driver called off
Driver session is not active
invalid session id
Build info: version: '3.11.0', revision: 'e59cfb3', time: '2018-03-11T20:26:55.152Z'
System info: host: 'RANADEEP_BANIK', ip: '192.168.1.75', os.name: 'Windows 10', os.arch: 'amd64', os.version: '10.0', java.version: '1.8.0_241'
Driver info: org.openqa.selenium.chrome.ChromeDriver
Capabilities {acceptInsecureCerts: true, browserName: chrome, browserVersion: 80.0.3987.163, chrome: {chromedriverVersion: 80.0.3987.106 (f68069574609..., userDataDir: C:\Users\ranad\AppData\Loca...}, goog:chromeOptions: {debuggerAddress: localhost:56361}, javascriptEnabled: true, networkConnectionEnabled: false, pageLoadStrategy: normal, platform: WINDOWS, platformName: WINDOWS, proxy: Proxy(), setWindowRect: true, strictFileInteractability: false, timeouts: {implicit: 0, pageLoad: 300000, script: 30000}, unhandledPromptBehavior: dismiss and notify}
Session ID: 7e31613f4197234c84cecf6cb7ffd862
return new ApplicationContextInitiator()
Application context created and initiated all the beans in Spring bean container
Default properties/capabilities initiated for CHROME driver
Default properties/capabilities initiated for FIREFOX driver
Default properties/capabilities initiated for INTERNET EXPLORER driver
Default properties/capabilities initiated for FIREFOX driver
Driver instance is null
Browser key provided : chrome
Starting GOOGLE CHROME Driver....
chrome browser initiated
Driver implicit wait initiated for 30 SECONDS
Screen shot captured while driver initiation
Find the screen shot at : src/test/resources/shots/Abosulute-Driver_0_chrome.jpg
Screen shot captured while driver initiation
Find the screen shot at : src/test/resources/shots/Abosulute-Driver_1_chrome.jpg
Browser window maximized
WebDriver initiated
Fetched properties file on location : D:\git\test-framework-restassured-selenium-spring-00/log4j.properties
System value 'log4j.overwrite' : false
Modified properties file with key : log4j.appender.HTML_FILE.Append, Value : false
Properties file on locationD:\git\test-framework-restassured-selenium-spring-00/log4j.properties updated
Modified properties file with key : log4j.appender.FILE.Append, Value : false
Properties file on locationD:\git\test-framework-restassured-selenium-spring-00/log4j.properties updated
Initiating Method : checkCaseCalculationsOfTripuraIsGreaterThan10
Navigated to : http://www.covid19India.org
Screen shot captured at Covid19IndiaDashboard page
Find the screen shot at : src/test/resources/shots/RDB_41_Covid19India_Covid19IndiaDashboard.jpg
Column number with header Confirmed : 2
Screen shot captured at explicit_failed page
Find the screen shot at : src/test/resources/shots/RDB_42_Covid19India_explicit_failed.jpg
]]></system-out>
    <system-err><![CDATA[Apr 18, 2020 2:18:51 AM com.app.testautomation.listeners.MethodInvokeListener beforeInvocation
INFO: Method finish is not enabled
Apr 18, 2020 2:18:51 AM com.app.testautomation.listeners.MethodInvokeListener beforeInvocation
INFO: Method initiateMethod is not enabled
Starting ChromeDriver 80.0.3987.106 (f68069574609230cf9b635cd784cfb1bf81bb53a-refs/branch-heads/3987@{#882}) on port 38256
Only local connections are allowed.
Please protect ports used by ChromeDriver and related test frameworks to prevent access by malicious code.
[1587156534.495][WARNING]: Timed out connecting to Chrome, retrying...
[1587156538.504][WARNING]: Timed out connecting to Chrome, retrying...
Apr 18, 2020 2:19:00 AM org.openqa.selenium.remote.ProtocolHandshake createSession
INFO: Detected dialect: W3C
log4j:WARN No such property [maxFileSize] in org.apache.log4j.FileAppender.
log4j:WARN No such property [maxBackupIndex] in org.apache.log4j.FileAppender.
[1587156541.517][SEVERE]: Timed out receiving message from renderer: 0.100
[1587156541.873][SEVERE]: Timed out receiving message from renderer: 0.100
[1587156542.222][SEVERE]: Timed out receiving message from renderer: 0.100
[1587156542.423][SEVERE]: Timed out receiving message from renderer: 0.100
Apr 18, 2020 2:19:02 AM com.app.testautomation.listeners.BasicTestListeners onTestStart
INFO: Executiing method : checkCaseCalculationsOfTripuraIsGreaterThan10
Apr 18, 2020 2:19:02 AM com.app.testautomation.listeners.MethodInvokeListener beforeInvocation
INFO: Method checkCaseCalculationsOfTripuraIsGreaterThan10 execution starts on : Sat Apr 18 02:19:02 IST 2020
Apr 18, 2020 2:19:06 AM com.app.testautomation.listeners.MethodInvokeListener afterInvocation
INFO: MethodcheckCaseCalculationsOfTripuraIsGreaterThan10 execution completed on : Sat Apr 18 02:19:02 IST 2020
]]></system-err>
  </testcase>
  <testcase name="checkNoOfConfirmedCasesIsGreaterThan6000" classname="com.ui.testautomation.CovidIndiaUITest" time="0.585"/>
</testsuite>