<?xml version="1.0" encoding="UTF-8"?>
<testng-results skipped="0" failed="0" ignored="1" total="4" passed="3">
  <reporter-output>
  </reporter-output>
  <suite name="Covid19IndiaTestReport" duration-ms="91328" started-at="2020-04-12T22:02:21Z" finished-at="2020-04-12T22:03:53Z">
    <groups>
    </groups>
    <test name="Test_Framework-Basic_Tests" duration-ms="91328" started-at="2020-04-12T22:02:21Z" finished-at="2020-04-12T22:03:53Z">
      <class name="com.ui.testautomation.CovidIndiaUITest">
        <test-method status="PASS" signature="initiateMethod(java.lang.reflect.Method)[pri:0, instance:com.ui.testautomation.CovidIndiaUITest@13f95696]" name="initiateMethod" is-config="true" duration-ms="1377" started-at="2020-04-13T03:32:21Z" finished-at="2020-04-13T03:32:23Z">
          <params>
            <param index="0">
              <value>
                <![CDATA[public void com.ui.testautomation.CovidIndiaUITest.checkCaseCalculationsForAllStates()]]>
              </value>
            </param>
          </params>
          <reporter-output>
          </reporter-output>
        </test-method> <!-- initiateMethod -->
        <test-method status="PASS" signature="checkCaseCalculationsForAllStates()[pri:0, instance:com.ui.testautomation.CovidIndiaUITest@13f95696]" name="checkCaseCalculationsForAllStates" duration-ms="61372" started-at="2020-04-13T03:32:23Z" finished-at="2020-04-13T03:33:24Z">
          <reporter-output>
          </reporter-output>
        </test-method> <!-- checkCaseCalculationsForAllStates -->
        <test-method status="PASS" signature="finish(java.lang.reflect.Method)[pri:0, instance:com.ui.testautomation.CovidIndiaUITest@13f95696]" name="finish" is-config="true" duration-ms="49" started-at="2020-04-13T03:33:24Z" finished-at="2020-04-13T03:33:24Z">
          <params>
            <param index="0">
              <value>
                <![CDATA[public void com.ui.testautomation.CovidIndiaUITest.checkCaseCalculationsForAllStates()]]>
              </value>
            </param>
          </params>
          <reporter-output>
          </reporter-output>
        </test-method> <!-- finish -->
        <test-method status="PASS" signature="initiateMethod(java.lang.reflect.Method)[pri:0, instance:com.ui.testautomation.CovidIndiaUITest@13f95696]" name="initiateMethod" is-config="true" duration-ms="10438" started-at="2020-04-13T03:33:24Z" finished-at="2020-04-13T03:33:35Z">
          <params>
            <param index="0">
              <value>
                <![CDATA[public void com.ui.testautomation.CovidIndiaUITest.checkCaseCalculationsForChandigarh()]]>
              </value>
            </param>
          </params>
          <reporter-output>
          </reporter-output>
        </test-method> <!-- initiateMethod -->
        <test-method status="PASS" signature="checkCaseCalculationsForChandigarh()[pri:0, instance:com.ui.testautomation.CovidIndiaUITest@13f95696]" name="checkCaseCalculationsForChandigarh" duration-ms="3696" started-at="2020-04-13T03:33:35Z" finished-at="2020-04-13T03:33:38Z">
          <reporter-output>
          </reporter-output>
        </test-method> <!-- checkCaseCalculationsForChandigarh -->
        <test-method status="PASS" signature="finish(java.lang.reflect.Method)[pri:0, instance:com.ui.testautomation.CovidIndiaUITest@13f95696]" name="finish" is-config="true" duration-ms="63" started-at="2020-04-13T03:33:38Z" finished-at="2020-04-13T03:33:38Z">
          <params>
            <param index="0">
              <value>
                <![CDATA[public void com.ui.testautomation.CovidIndiaUITest.checkCaseCalculationsForChandigarh()]]>
              </value>
            </param>
          </params>
          <reporter-output>
          </reporter-output>
        </test-method> <!-- finish -->
        <test-method status="PASS" signature="initiateMethod(java.lang.reflect.Method)[pri:0, instance:com.ui.testautomation.CovidIndiaUITest@13f95696]" name="initiateMethod" is-config="true" duration-ms="10522" started-at="2020-04-13T03:33:38Z" finished-at="2020-04-13T03:33:49Z">
          <params>
            <param index="0">
              <value>
                <![CDATA[public void com.ui.testautomation.CovidIndiaUITest.checkCaseCalculationsForMaharashtra()]]>
              </value>
            </param>
          </params>
          <reporter-output>
          </reporter-output>
        </test-method> <!-- initiateMethod -->
        <test-method status="PASS" signature="checkCaseCalculationsForMaharashtra()[pri:0, instance:com.ui.testautomation.CovidIndiaUITest@13f95696]" name="checkCaseCalculationsForMaharashtra" duration-ms="3645" started-at="2020-04-13T03:33:49Z" finished-at="2020-04-13T03:33:53Z">
          <reporter-output>
          </reporter-output>
        </test-method> <!-- checkCaseCalculationsForMaharashtra -->
        <test-method status="PASS" signature="finish(java.lang.reflect.Method)[pri:0, instance:com.ui.testautomation.CovidIndiaUITest@13f95696]" name="finish" is-config="true" duration-ms="63" started-at="2020-04-13T03:33:53Z" finished-at="2020-04-13T03:33:53Z">
          <params>
            <param index="0">
              <value>
                <![CDATA[public void com.ui.testautomation.CovidIndiaUITest.checkCaseCalculationsForMaharashtra()]]>
              </value>
            </param>
          </params>
          <reporter-output>
          </reporter-output>
        </test-method> <!-- finish -->
        <test-method status="PASS" signature="quit()[pri:0, instance:com.ui.testautomation.CovidIndiaUITest@13f95696]" name="quit" is-config="true" duration-ms="82" started-at="2020-04-13T03:33:53Z" finished-at="2020-04-13T03:33:53Z">
          <reporter-output>
          </reporter-output>
        </test-method> <!-- quit -->
      </class> <!-- com.ui.testautomation.CovidIndiaUITest -->
    </test> <!-- Test_Framework-Basic_Tests -->
  </suite> <!-- Covid19IndiaTestReport -->
</testng-results>
