<?xml version="1.0" encoding="UTF-8"?>
<testng-results skipped="5" failed="1" ignored="0" total="9" passed="3">
  <reporter-output>
  </reporter-output>
  <suite name="Covid19IndiaTestReport" duration-ms="685872" started-at="2020-04-13T17:03:53Z" finished-at="2020-04-13T17:15:19Z">
    <groups>
    </groups>
    <test name="Test_Framework-Basic_Tests" duration-ms="685872" started-at="2020-04-13T17:03:53Z" finished-at="2020-04-13T17:15:19Z">
      <class name="com.ui.testautomation.CovidIndiaUITest">
        <test-method status="PASS" signature="initiateMethod(java.lang.reflect.Method)[pri:0, instance:com.ui.testautomation.CovidIndiaUITest@1e54cb33]" name="initiateMethod" is-config="true" duration-ms="839" started-at="2020-04-13T22:33:53Z" finished-at="2020-04-13T22:33:54Z">
          <params>
            <param index="0">
              <value>
                <![CDATA[public void com.ui.testautomation.CovidIndiaUITest.checkCaseCalculationsForAllStates()]]>
              </value>
            </param>
          </params>
          <reporter-output>
          </reporter-output>
        </test-method> <!-- initiateMethod -->
        <test-method status="PASS" signature="checkCaseCalculationsForAllStates()[pri:0, instance:com.ui.testautomation.CovidIndiaUITest@1e54cb33]" name="checkCaseCalculationsForAllStates" duration-ms="64586" started-at="2020-04-13T22:33:54Z" description="Checks &amp; verify the total case calculation after recovered and death for all 32 states of INDIA" finished-at="2020-04-13T22:34:59Z">
          <reporter-output>
          </reporter-output>
        </test-method> <!-- checkCaseCalculationsForAllStates -->
        <test-method status="PASS" signature="finish(java.lang.reflect.Method)[pri:0, instance:com.ui.testautomation.CovidIndiaUITest@1e54cb33]" name="finish" is-config="true" duration-ms="70" started-at="2020-04-13T22:34:59Z" finished-at="2020-04-13T22:34:59Z">
          <params>
            <param index="0">
              <value>
                <![CDATA[public void com.ui.testautomation.CovidIndiaUITest.checkCaseCalculationsForAllStates()]]>
              </value>
            </param>
          </params>
          <reporter-output>
          </reporter-output>
        </test-method> <!-- finish -->
        <test-method status="PASS" signature="initiateMethod(java.lang.reflect.Method)[pri:0, instance:com.ui.testautomation.CovidIndiaUITest@1e54cb33]" name="initiateMethod" is-config="true" duration-ms="10590" started-at="2020-04-13T22:34:59Z" finished-at="2020-04-13T22:35:10Z">
          <params>
            <param index="0">
              <value>
                <![CDATA[public void com.ui.testautomation.CovidIndiaUITest.checkCaseCalculationsForChandigarh()]]>
              </value>
            </param>
          </params>
          <reporter-output>
          </reporter-output>
        </test-method> <!-- initiateMethod -->
        <test-method status="PASS" signature="checkCaseCalculationsForChandigarh()[pri:0, instance:com.ui.testautomation.CovidIndiaUITest@1e54cb33]" name="checkCaseCalculationsForChandigarh" duration-ms="3848" started-at="2020-04-13T22:35:10Z" description="Checks &amp; verify the total case calculation after recovered and death for Chandigarh" finished-at="2020-04-13T22:35:13Z">
          <reporter-output>
          </reporter-output>
        </test-method> <!-- checkCaseCalculationsForChandigarh -->
        <test-method status="PASS" signature="finish(java.lang.reflect.Method)[pri:0, instance:com.ui.testautomation.CovidIndiaUITest@1e54cb33]" name="finish" is-config="true" duration-ms="67" started-at="2020-04-13T22:35:13Z" finished-at="2020-04-13T22:35:13Z">
          <params>
            <param index="0">
              <value>
                <![CDATA[public void com.ui.testautomation.CovidIndiaUITest.checkCaseCalculationsForChandigarh()]]>
              </value>
            </param>
          </params>
          <reporter-output>
          </reporter-output>
        </test-method> <!-- finish -->
        <test-method status="PASS" signature="initiateMethod(java.lang.reflect.Method)[pri:0, instance:com.ui.testautomation.CovidIndiaUITest@1e54cb33]" name="initiateMethod" is-config="true" duration-ms="10396" started-at="2020-04-13T22:35:13Z" finished-at="2020-04-13T22:35:24Z">
          <params>
            <param index="0">
              <value>
                <![CDATA[public void com.ui.testautomation.CovidIndiaUITest.checkCaseCalculationsForMaharashtra()]]>
              </value>
            </param>
          </params>
          <reporter-output>
          </reporter-output>
        </test-method> <!-- initiateMethod -->
        <test-method status="PASS" signature="checkCaseCalculationsForMaharashtra()[pri:0, instance:com.ui.testautomation.CovidIndiaUITest@1e54cb33]" name="checkCaseCalculationsForMaharashtra" duration-ms="3923" started-at="2020-04-13T22:35:24Z" description="Checks &amp; verify the total case calculation after recovered and death for Maharashtra" finished-at="2020-04-13T22:35:28Z">
          <reporter-output>
          </reporter-output>
        </test-method> <!-- checkCaseCalculationsForMaharashtra -->
        <test-method status="PASS" signature="finish(java.lang.reflect.Method)[pri:0, instance:com.ui.testautomation.CovidIndiaUITest@1e54cb33]" name="finish" is-config="true" duration-ms="78" started-at="2020-04-13T22:35:28Z" finished-at="2020-04-13T22:35:28Z">
          <params>
            <param index="0">
              <value>
                <![CDATA[public void com.ui.testautomation.CovidIndiaUITest.checkCaseCalculationsForMaharashtra()]]>
              </value>
            </param>
          </params>
          <reporter-output>
          </reporter-output>
        </test-method> <!-- finish -->
        <test-method status="PASS" signature="initiateMethod(java.lang.reflect.Method)[pri:0, instance:com.ui.testautomation.CovidIndiaUITest@1e54cb33]" name="initiateMethod" is-config="true" duration-ms="10527" started-at="2020-04-13T22:35:28Z" finished-at="2020-04-13T22:35:38Z">
          <params>
            <param index="0">
              <value>
                <![CDATA[public void com.ui.testautomation.CovidIndiaUITest.checkNoOfConfirmedCasesIsGreaterThan6000()]]>
              </value>
            </param>
          </params>
          <reporter-output>
          </reporter-output>
        </test-method> <!-- initiateMethod -->
        <test-method status="SKIP" signature="checkNoOfConfirmedCasesIsGreaterThan6000()[pri:0, instance:com.ui.testautomation.CovidIndiaUITest@1e54cb33]" name="checkNoOfConfirmedCasesIsGreaterThan6000" duration-ms="41" started-at="2020-04-13T22:35:38Z" description="validate the number of total confirmed case is greater than 6000 in India" finished-at="2020-04-13T22:35:38Z">
          <exception class="java.lang.NumberFormatException">
            <message>
              <![CDATA[For input string: ""]]>
            </message>
            <full-stacktrace>
              <![CDATA[java.lang.NumberFormatException: For input string: ""
	at java.lang.NumberFormatException.forInputString(NumberFormatException.java:65)
	at java.lang.Integer.parseInt(Integer.java:592)
	at java.lang.Integer.parseInt(Integer.java:615)
	at com.ui.testautomation.pageobjectmodels.Covid19IndiaDashboard.getTotalConfirmedCasesCount(Covid19IndiaDashboard.java:83)
	at com.ui.testautomation.CovidIndiaUITest.checkNoOfConfirmedCasesIsGreaterThan6000(CovidIndiaUITest.java:31)
	at sun.reflect.NativeMethodAccessorImpl.invoke0(Native Method)
	at sun.reflect.NativeMethodAccessorImpl.invoke(NativeMethodAccessorImpl.java:62)
	at sun.reflect.DelegatingMethodAccessorImpl.invoke(DelegatingMethodAccessorImpl.java:43)
	at java.lang.reflect.Method.invoke(Method.java:498)
	at org.testng.internal.MethodInvocationHelper.invokeMethod(MethodInvocationHelper.java:104)
	at org.testng.internal.Invoker.invokeMethod(Invoker.java:645)
	at org.testng.internal.Invoker.invokeTestMethod(Invoker.java:851)
	at org.testng.internal.Invoker.invokeTestMethods(Invoker.java:1177)
	at org.testng.internal.TestMethodWorker.invokeTestMethods(TestMethodWorker.java:129)
	at org.testng.internal.TestMethodWorker.run(TestMethodWorker.java:112)
	at org.testng.TestRunner.privateRun(TestRunner.java:756)
	at org.testng.TestRunner.run(TestRunner.java:610)
	at org.testng.SuiteRunner.runTest(SuiteRunner.java:387)
	at org.testng.SuiteRunner.runSequentially(SuiteRunner.java:382)
	at org.testng.SuiteRunner.privateRun(SuiteRunner.java:340)
	at org.testng.SuiteRunner.run(SuiteRunner.java:289)
	at org.testng.SuiteRunnerWorker.runSuite(SuiteRunnerWorker.java:52)
	at org.testng.SuiteRunnerWorker.run(SuiteRunnerWorker.java:86)
	at org.testng.TestNG.runSuitesSequentially(TestNG.java:1293)
	at org.testng.TestNG.runSuitesLocally(TestNG.java:1218)
	at org.testng.TestNG.runSuites(TestNG.java:1133)
	at org.testng.TestNG.run(TestNG.java:1104)
	at org.apache.maven.surefire.testng.TestNGExecutor.run(TestNGExecutor.java:283)
	at org.apache.maven.surefire.testng.TestNGXmlTestSuite.execute(TestNGXmlTestSuite.java:75)
	at org.apache.maven.surefire.testng.TestNGProvider.invoke(TestNGProvider.java:120)
	at org.apache.maven.surefire.booter.ForkedBooter.invokeProviderInSameClassLoader(ForkedBooter.java:373)
	at org.apache.maven.surefire.booter.ForkedBooter.runSuitesInProcess(ForkedBooter.java:334)
	at org.apache.maven.surefire.booter.ForkedBooter.execute(ForkedBooter.java:119)
	at org.apache.maven.surefire.booter.ForkedBooter.main(ForkedBooter.java:407)
]]>
            </full-stacktrace>
          </exception> <!-- java.lang.NumberFormatException -->
          <reporter-output>
          </reporter-output>
        </test-method> <!-- checkNoOfConfirmedCasesIsGreaterThan6000 -->
        <test-method status="PASS" signature="finish(java.lang.reflect.Method)[pri:0, instance:com.ui.testautomation.CovidIndiaUITest@1e54cb33]" name="finish" is-config="true" duration-ms="75" started-at="2020-04-13T22:36:45Z" finished-at="2020-04-13T22:36:45Z">
          <params>
            <param index="0">
              <value>
                <![CDATA[public void com.ui.testautomation.CovidIndiaUITest.checkNoOfConfirmedCasesIsGreaterThan6000()]]>
              </value>
            </param>
          </params>
          <reporter-output>
          </reporter-output>
        </test-method> <!-- finish -->
        <test-method status="PASS" signature="initiateMethod(java.lang.reflect.Method)[pri:0, instance:com.ui.testautomation.CovidIndiaUITest@1e54cb33]" name="initiateMethod" is-config="true" duration-ms="10453" started-at="2020-04-13T22:36:45Z" finished-at="2020-04-13T22:36:56Z">
          <params>
            <param index="0">
              <value>
                <![CDATA[public void com.ui.testautomation.CovidIndiaUITest.checkNoOfConfirmedCasesIsGreaterThan6000()]]>
              </value>
            </param>
          </params>
          <reporter-output>
          </reporter-output>
        </test-method> <!-- initiateMethod -->
        <test-method status="SKIP" signature="checkNoOfConfirmedCasesIsGreaterThan6000()[pri:0, instance:com.ui.testautomation.CovidIndiaUITest@1e54cb33]" name="checkNoOfConfirmedCasesIsGreaterThan6000" duration-ms="92" started-at="2020-04-13T22:36:56Z" description="validate the number of total confirmed case is greater than 6000 in India" finished-at="2020-04-13T22:36:56Z">
          <exception class="java.lang.NumberFormatException">
            <message>
              <![CDATA[For input string: ""]]>
            </message>
            <full-stacktrace>
              <![CDATA[java.lang.NumberFormatException: For input string: ""
	at java.lang.NumberFormatException.forInputString(NumberFormatException.java:65)
	at java.lang.Integer.parseInt(Integer.java:592)
	at java.lang.Integer.parseInt(Integer.java:615)
	at com.ui.testautomation.pageobjectmodels.Covid19IndiaDashboard.getTotalConfirmedCasesCount(Covid19IndiaDashboard.java:83)
	at com.ui.testautomation.CovidIndiaUITest.checkNoOfConfirmedCasesIsGreaterThan6000(CovidIndiaUITest.java:31)
	at sun.reflect.NativeMethodAccessorImpl.invoke0(Native Method)
	at sun.reflect.NativeMethodAccessorImpl.invoke(NativeMethodAccessorImpl.java:62)
	at sun.reflect.DelegatingMethodAccessorImpl.invoke(DelegatingMethodAccessorImpl.java:43)
	at java.lang.reflect.Method.invoke(Method.java:498)
	at org.testng.internal.MethodInvocationHelper.invokeMethod(MethodInvocationHelper.java:104)
	at org.testng.internal.Invoker.invokeMethod(Invoker.java:645)
	at org.testng.internal.Invoker.retryFailed(Invoker.java:998)
	at org.testng.internal.Invoker.invokeTestMethods(Invoker.java:1200)
	at org.testng.internal.TestMethodWorker.invokeTestMethods(TestMethodWorker.java:129)
	at org.testng.internal.TestMethodWorker.run(TestMethodWorker.java:112)
	at org.testng.TestRunner.privateRun(TestRunner.java:756)
	at org.testng.TestRunner.run(TestRunner.java:610)
	at org.testng.SuiteRunner.runTest(SuiteRunner.java:387)
	at org.testng.SuiteRunner.runSequentially(SuiteRunner.java:382)
	at org.testng.SuiteRunner.privateRun(SuiteRunner.java:340)
	at org.testng.SuiteRunner.run(SuiteRunner.java:289)
	at org.testng.SuiteRunnerWorker.runSuite(SuiteRunnerWorker.java:52)
	at org.testng.SuiteRunnerWorker.run(SuiteRunnerWorker.java:86)
	at org.testng.TestNG.runSuitesSequentially(TestNG.java:1293)
	at org.testng.TestNG.runSuitesLocally(TestNG.java:1218)
	at org.testng.TestNG.runSuites(TestNG.java:1133)
	at org.testng.TestNG.run(TestNG.java:1104)
	at org.apache.maven.surefire.testng.TestNGExecutor.run(TestNGExecutor.java:283)
	at org.apache.maven.surefire.testng.TestNGXmlTestSuite.execute(TestNGXmlTestSuite.java:75)
	at org.apache.maven.surefire.testng.TestNGProvider.invoke(TestNGProvider.java:120)
	at org.apache.maven.surefire.booter.ForkedBooter.invokeProviderInSameClassLoader(ForkedBooter.java:373)
	at org.apache.maven.surefire.booter.ForkedBooter.runSuitesInProcess(ForkedBooter.java:334)
	at org.apache.maven.surefire.booter.ForkedBooter.execute(ForkedBooter.java:119)
	at org.apache.maven.surefire.booter.ForkedBooter.main(ForkedBooter.java:407)
]]>
            </full-stacktrace>
          </exception> <!-- java.lang.NumberFormatException -->
          <reporter-output>
          </reporter-output>
        </test-method> <!-- checkNoOfConfirmedCasesIsGreaterThan6000 -->
        <test-method status="PASS" signature="finish(java.lang.reflect.Method)[pri:0, instance:com.ui.testautomation.CovidIndiaUITest@1e54cb33]" name="finish" is-config="true" duration-ms="67" started-at="2020-04-13T22:37:43Z" finished-at="2020-04-13T22:37:43Z">
          <params>
            <param index="0">
              <value>
                <![CDATA[public void com.ui.testautomation.CovidIndiaUITest.checkNoOfConfirmedCasesIsGreaterThan6000()]]>
              </value>
            </param>
          </params>
          <reporter-output>
          </reporter-output>
        </test-method> <!-- finish -->
        <test-method status="PASS" signature="initiateMethod(java.lang.reflect.Method)[pri:0, instance:com.ui.testautomation.CovidIndiaUITest@1e54cb33]" name="initiateMethod" is-config="true" duration-ms="10545" started-at="2020-04-13T22:37:43Z" finished-at="2020-04-13T22:37:54Z">
          <params>
            <param index="0">
              <value>
                <![CDATA[public void com.ui.testautomation.CovidIndiaUITest.checkNoOfConfirmedCasesIsGreaterThan6000()]]>
              </value>
            </param>
          </params>
          <reporter-output>
          </reporter-output>
        </test-method> <!-- initiateMethod -->
        <test-method status="SKIP" signature="checkNoOfConfirmedCasesIsGreaterThan6000()[pri:0, instance:com.ui.testautomation.CovidIndiaUITest@1e54cb33]" name="checkNoOfConfirmedCasesIsGreaterThan6000" duration-ms="70" started-at="2020-04-13T22:37:54Z" description="validate the number of total confirmed case is greater than 6000 in India" finished-at="2020-04-13T22:37:54Z">
          <exception class="java.lang.NumberFormatException">
            <message>
              <![CDATA[For input string: ""]]>
            </message>
            <full-stacktrace>
              <![CDATA[java.lang.NumberFormatException: For input string: ""
	at java.lang.NumberFormatException.forInputString(NumberFormatException.java:65)
	at java.lang.Integer.parseInt(Integer.java:592)
	at java.lang.Integer.parseInt(Integer.java:615)
	at com.ui.testautomation.pageobjectmodels.Covid19IndiaDashboard.getTotalConfirmedCasesCount(Covid19IndiaDashboard.java:83)
	at com.ui.testautomation.CovidIndiaUITest.checkNoOfConfirmedCasesIsGreaterThan6000(CovidIndiaUITest.java:31)
	at sun.reflect.NativeMethodAccessorImpl.invoke0(Native Method)
	at sun.reflect.NativeMethodAccessorImpl.invoke(NativeMethodAccessorImpl.java:62)
	at sun.reflect.DelegatingMethodAccessorImpl.invoke(DelegatingMethodAccessorImpl.java:43)
	at java.lang.reflect.Method.invoke(Method.java:498)
	at org.testng.internal.MethodInvocationHelper.invokeMethod(MethodInvocationHelper.java:104)
	at org.testng.internal.Invoker.invokeMethod(Invoker.java:645)
	at org.testng.internal.Invoker.retryFailed(Invoker.java:998)
	at org.testng.internal.Invoker.invokeTestMethods(Invoker.java:1200)
	at org.testng.internal.TestMethodWorker.invokeTestMethods(TestMethodWorker.java:129)
	at org.testng.internal.TestMethodWorker.run(TestMethodWorker.java:112)
	at org.testng.TestRunner.privateRun(TestRunner.java:756)
	at org.testng.TestRunner.run(TestRunner.java:610)
	at org.testng.SuiteRunner.runTest(SuiteRunner.java:387)
	at org.testng.SuiteRunner.runSequentially(SuiteRunner.java:382)
	at org.testng.SuiteRunner.privateRun(SuiteRunner.java:340)
	at org.testng.SuiteRunner.run(SuiteRunner.java:289)
	at org.testng.SuiteRunnerWorker.runSuite(SuiteRunnerWorker.java:52)
	at org.testng.SuiteRunnerWorker.run(SuiteRunnerWorker.java:86)
	at org.testng.TestNG.runSuitesSequentially(TestNG.java:1293)
	at org.testng.TestNG.runSuitesLocally(TestNG.java:1218)
	at org.testng.TestNG.runSuites(TestNG.java:1133)
	at org.testng.TestNG.run(TestNG.java:1104)
	at org.apache.maven.surefire.testng.TestNGExecutor.run(TestNGExecutor.java:283)
	at org.apache.maven.surefire.testng.TestNGXmlTestSuite.execute(TestNGXmlTestSuite.java:75)
	at org.apache.maven.surefire.testng.TestNGProvider.invoke(TestNGProvider.java:120)
	at org.apache.maven.surefire.booter.ForkedBooter.invokeProviderInSameClassLoader(ForkedBooter.java:373)
	at org.apache.maven.surefire.booter.ForkedBooter.runSuitesInProcess(ForkedBooter.java:334)
	at org.apache.maven.surefire.booter.ForkedBooter.execute(ForkedBooter.java:119)
	at org.apache.maven.surefire.booter.ForkedBooter.main(ForkedBooter.java:407)
]]>
            </full-stacktrace>
          </exception> <!-- java.lang.NumberFormatException -->
          <reporter-output>
          </reporter-output>
        </test-method> <!-- checkNoOfConfirmedCasesIsGreaterThan6000 -->
        <test-method status="PASS" signature="finish(java.lang.reflect.Method)[pri:0, instance:com.ui.testautomation.CovidIndiaUITest@1e54cb33]" name="finish" is-config="true" duration-ms="63" started-at="2020-04-13T22:38:12Z" finished-at="2020-04-13T22:38:12Z">
          <params>
            <param index="0">
              <value>
                <![CDATA[public void com.ui.testautomation.CovidIndiaUITest.checkNoOfConfirmedCasesIsGreaterThan6000()]]>
              </value>
            </param>
          </params>
          <reporter-output>
          </reporter-output>
        </test-method> <!-- finish -->
        <test-method status="PASS" signature="initiateMethod(java.lang.reflect.Method)[pri:0, instance:com.ui.testautomation.CovidIndiaUITest@1e54cb33]" name="initiateMethod" is-config="true" duration-ms="10478" started-at="2020-04-13T22:38:12Z" finished-at="2020-04-13T22:38:22Z">
          <params>
            <param index="0">
              <value>
                <![CDATA[public void com.ui.testautomation.CovidIndiaUITest.checkNoOfConfirmedCasesIsGreaterThan6000()]]>
              </value>
            </param>
          </params>
          <reporter-output>
          </reporter-output>
        </test-method> <!-- initiateMethod -->
        <test-method status="SKIP" signature="checkNoOfConfirmedCasesIsGreaterThan6000()[pri:0, instance:com.ui.testautomation.CovidIndiaUITest@1e54cb33]" name="checkNoOfConfirmedCasesIsGreaterThan6000" duration-ms="67" started-at="2020-04-13T22:38:22Z" description="validate the number of total confirmed case is greater than 6000 in India" finished-at="2020-04-13T22:38:22Z">
          <exception class="java.lang.NumberFormatException">
            <message>
              <![CDATA[For input string: ""]]>
            </message>
            <full-stacktrace>
              <![CDATA[java.lang.NumberFormatException: For input string: ""
	at java.lang.NumberFormatException.forInputString(NumberFormatException.java:65)
	at java.lang.Integer.parseInt(Integer.java:592)
	at java.lang.Integer.parseInt(Integer.java:615)
	at com.ui.testautomation.pageobjectmodels.Covid19IndiaDashboard.getTotalConfirmedCasesCount(Covid19IndiaDashboard.java:83)
	at com.ui.testautomation.CovidIndiaUITest.checkNoOfConfirmedCasesIsGreaterThan6000(CovidIndiaUITest.java:31)
	at sun.reflect.NativeMethodAccessorImpl.invoke0(Native Method)
	at sun.reflect.NativeMethodAccessorImpl.invoke(NativeMethodAccessorImpl.java:62)
	at sun.reflect.DelegatingMethodAccessorImpl.invoke(DelegatingMethodAccessorImpl.java:43)
	at java.lang.reflect.Method.invoke(Method.java:498)
	at org.testng.internal.MethodInvocationHelper.invokeMethod(MethodInvocationHelper.java:104)
	at org.testng.internal.Invoker.invokeMethod(Invoker.java:645)
	at org.testng.internal.Invoker.retryFailed(Invoker.java:998)
	at org.testng.internal.Invoker.invokeTestMethods(Invoker.java:1200)
	at org.testng.internal.TestMethodWorker.invokeTestMethods(TestMethodWorker.java:129)
	at org.testng.internal.TestMethodWorker.run(TestMethodWorker.java:112)
	at org.testng.TestRunner.privateRun(TestRunner.java:756)
	at org.testng.TestRunner.run(TestRunner.java:610)
	at org.testng.SuiteRunner.runTest(SuiteRunner.java:387)
	at org.testng.SuiteRunner.runSequentially(SuiteRunner.java:382)
	at org.testng.SuiteRunner.privateRun(SuiteRunner.java:340)
	at org.testng.SuiteRunner.run(SuiteRunner.java:289)
	at org.testng.SuiteRunnerWorker.runSuite(SuiteRunnerWorker.java:52)
	at org.testng.SuiteRunnerWorker.run(SuiteRunnerWorker.java:86)
	at org.testng.TestNG.runSuitesSequentially(TestNG.java:1293)
	at org.testng.TestNG.runSuitesLocally(TestNG.java:1218)
	at org.testng.TestNG.runSuites(TestNG.java:1133)
	at org.testng.TestNG.run(TestNG.java:1104)
	at org.apache.maven.surefire.testng.TestNGExecutor.run(TestNGExecutor.java:283)
	at org.apache.maven.surefire.testng.TestNGXmlTestSuite.execute(TestNGXmlTestSuite.java:75)
	at org.apache.maven.surefire.testng.TestNGProvider.invoke(TestNGProvider.java:120)
	at org.apache.maven.surefire.booter.ForkedBooter.invokeProviderInSameClassLoader(ForkedBooter.java:373)
	at org.apache.maven.surefire.booter.ForkedBooter.runSuitesInProcess(ForkedBooter.java:334)
	at org.apache.maven.surefire.booter.ForkedBooter.execute(ForkedBooter.java:119)
	at org.apache.maven.surefire.booter.ForkedBooter.main(ForkedBooter.java:407)
]]>
            </full-stacktrace>
          </exception> <!-- java.lang.NumberFormatException -->
          <reporter-output>
          </reporter-output>
        </test-method> <!-- checkNoOfConfirmedCasesIsGreaterThan6000 -->
        <test-method status="PASS" signature="finish(java.lang.reflect.Method)[pri:0, instance:com.ui.testautomation.CovidIndiaUITest@1e54cb33]" name="finish" is-config="true" duration-ms="76" started-at="2020-04-13T22:42:48Z" finished-at="2020-04-13T22:42:48Z">
          <params>
            <param index="0">
              <value>
                <![CDATA[public void com.ui.testautomation.CovidIndiaUITest.checkNoOfConfirmedCasesIsGreaterThan6000()]]>
              </value>
            </param>
          </params>
          <reporter-output>
          </reporter-output>
        </test-method> <!-- finish -->
        <test-method status="PASS" signature="initiateMethod(java.lang.reflect.Method)[pri:0, instance:com.ui.testautomation.CovidIndiaUITest@1e54cb33]" name="initiateMethod" is-config="true" duration-ms="10549" started-at="2020-04-13T22:42:48Z" finished-at="2020-04-13T22:42:59Z">
          <params>
            <param index="0">
              <value>
                <![CDATA[public void com.ui.testautomation.CovidIndiaUITest.checkNoOfConfirmedCasesIsGreaterThan6000()]]>
              </value>
            </param>
          </params>
          <reporter-output>
          </reporter-output>
        </test-method> <!-- initiateMethod -->
        <test-method status="SKIP" signature="checkNoOfConfirmedCasesIsGreaterThan6000()[pri:0, instance:com.ui.testautomation.CovidIndiaUITest@1e54cb33]" name="checkNoOfConfirmedCasesIsGreaterThan6000" duration-ms="172" started-at="2020-04-13T22:42:59Z" description="validate the number of total confirmed case is greater than 6000 in India" finished-at="2020-04-13T22:42:59Z">
          <exception class="java.lang.NumberFormatException">
            <message>
              <![CDATA[For input string: ""]]>
            </message>
            <full-stacktrace>
              <![CDATA[java.lang.NumberFormatException: For input string: ""
	at java.lang.NumberFormatException.forInputString(NumberFormatException.java:65)
	at java.lang.Integer.parseInt(Integer.java:592)
	at java.lang.Integer.parseInt(Integer.java:615)
	at com.ui.testautomation.pageobjectmodels.Covid19IndiaDashboard.getTotalConfirmedCasesCount(Covid19IndiaDashboard.java:83)
	at com.ui.testautomation.CovidIndiaUITest.checkNoOfConfirmedCasesIsGreaterThan6000(CovidIndiaUITest.java:31)
	at sun.reflect.NativeMethodAccessorImpl.invoke0(Native Method)
	at sun.reflect.NativeMethodAccessorImpl.invoke(NativeMethodAccessorImpl.java:62)
	at sun.reflect.DelegatingMethodAccessorImpl.invoke(DelegatingMethodAccessorImpl.java:43)
	at java.lang.reflect.Method.invoke(Method.java:498)
	at org.testng.internal.MethodInvocationHelper.invokeMethod(MethodInvocationHelper.java:104)
	at org.testng.internal.Invoker.invokeMethod(Invoker.java:645)
	at org.testng.internal.Invoker.retryFailed(Invoker.java:998)
	at org.testng.internal.Invoker.invokeTestMethods(Invoker.java:1200)
	at org.testng.internal.TestMethodWorker.invokeTestMethods(TestMethodWorker.java:129)
	at org.testng.internal.TestMethodWorker.run(TestMethodWorker.java:112)
	at org.testng.TestRunner.privateRun(TestRunner.java:756)
	at org.testng.TestRunner.run(TestRunner.java:610)
	at org.testng.SuiteRunner.runTest(SuiteRunner.java:387)
	at org.testng.SuiteRunner.runSequentially(SuiteRunner.java:382)
	at org.testng.SuiteRunner.privateRun(SuiteRunner.java:340)
	at org.testng.SuiteRunner.run(SuiteRunner.java:289)
	at org.testng.SuiteRunnerWorker.runSuite(SuiteRunnerWorker.java:52)
	at org.testng.SuiteRunnerWorker.run(SuiteRunnerWorker.java:86)
	at org.testng.TestNG.runSuitesSequentially(TestNG.java:1293)
	at org.testng.TestNG.runSuitesLocally(TestNG.java:1218)
	at org.testng.TestNG.runSuites(TestNG.java:1133)
	at org.testng.TestNG.run(TestNG.java:1104)
	at org.apache.maven.surefire.testng.TestNGExecutor.run(TestNGExecutor.java:283)
	at org.apache.maven.surefire.testng.TestNGXmlTestSuite.execute(TestNGXmlTestSuite.java:75)
	at org.apache.maven.surefire.testng.TestNGProvider.invoke(TestNGProvider.java:120)
	at org.apache.maven.surefire.booter.ForkedBooter.invokeProviderInSameClassLoader(ForkedBooter.java:373)
	at org.apache.maven.surefire.booter.ForkedBooter.runSuitesInProcess(ForkedBooter.java:334)
	at org.apache.maven.surefire.booter.ForkedBooter.execute(ForkedBooter.java:119)
	at org.apache.maven.surefire.booter.ForkedBooter.main(ForkedBooter.java:407)
]]>
            </full-stacktrace>
          </exception> <!-- java.lang.NumberFormatException -->
          <reporter-output>
          </reporter-output>
        </test-method> <!-- checkNoOfConfirmedCasesIsGreaterThan6000 -->
        <test-method status="PASS" signature="finish(java.lang.reflect.Method)[pri:0, instance:com.ui.testautomation.CovidIndiaUITest@1e54cb33]" name="finish" is-config="true" duration-ms="68" started-at="2020-04-13T22:43:49Z" finished-at="2020-04-13T22:43:49Z">
          <params>
            <param index="0">
              <value>
                <![CDATA[public void com.ui.testautomation.CovidIndiaUITest.checkNoOfConfirmedCasesIsGreaterThan6000()]]>
              </value>
            </param>
          </params>
          <reporter-output>
          </reporter-output>
        </test-method> <!-- finish -->
        <test-method status="PASS" signature="initiateMethod(java.lang.reflect.Method)[pri:0, instance:com.ui.testautomation.CovidIndiaUITest@1e54cb33]" name="initiateMethod" is-config="true" duration-ms="10655" started-at="2020-04-13T22:43:49Z" finished-at="2020-04-13T22:43:59Z">
          <params>
            <param index="0">
              <value>
                <![CDATA[public void com.ui.testautomation.CovidIndiaUITest.checkNoOfConfirmedCasesIsGreaterThan6000()]]>
              </value>
            </param>
          </params>
          <reporter-output>
          </reporter-output>
        </test-method> <!-- initiateMethod -->
        <test-method status="FAIL" signature="checkNoOfConfirmedCasesIsGreaterThan6000()[pri:0, instance:com.ui.testautomation.CovidIndiaUITest@1e54cb33]" name="checkNoOfConfirmedCasesIsGreaterThan6000" duration-ms="63" started-at="2020-04-13T22:43:59Z" description="validate the number of total confirmed case is greater than 6000 in India" finished-at="2020-04-13T22:43:59Z">
          <exception class="java.lang.NumberFormatException">
            <message>
              <![CDATA[For input string: ""]]>
            </message>
            <full-stacktrace>
              <![CDATA[java.lang.NumberFormatException: For input string: ""
	at java.lang.NumberFormatException.forInputString(NumberFormatException.java:65)
	at java.lang.Integer.parseInt(Integer.java:592)
	at java.lang.Integer.parseInt(Integer.java:615)
	at com.ui.testautomation.pageobjectmodels.Covid19IndiaDashboard.getTotalConfirmedCasesCount(Covid19IndiaDashboard.java:83)
	at com.ui.testautomation.CovidIndiaUITest.checkNoOfConfirmedCasesIsGreaterThan6000(CovidIndiaUITest.java:31)
	at sun.reflect.NativeMethodAccessorImpl.invoke0(Native Method)
	at sun.reflect.NativeMethodAccessorImpl.invoke(NativeMethodAccessorImpl.java:62)
	at sun.reflect.DelegatingMethodAccessorImpl.invoke(DelegatingMethodAccessorImpl.java:43)
	at java.lang.reflect.Method.invoke(Method.java:498)
	at org.testng.internal.MethodInvocationHelper.invokeMethod(MethodInvocationHelper.java:104)
	at org.testng.internal.Invoker.invokeMethod(Invoker.java:645)
	at org.testng.internal.Invoker.retryFailed(Invoker.java:998)
	at org.testng.internal.Invoker.invokeTestMethods(Invoker.java:1200)
	at org.testng.internal.TestMethodWorker.invokeTestMethods(TestMethodWorker.java:129)
	at org.testng.internal.TestMethodWorker.run(TestMethodWorker.java:112)
	at org.testng.TestRunner.privateRun(TestRunner.java:756)
	at org.testng.TestRunner.run(TestRunner.java:610)
	at org.testng.SuiteRunner.runTest(SuiteRunner.java:387)
	at org.testng.SuiteRunner.runSequentially(SuiteRunner.java:382)
	at org.testng.SuiteRunner.privateRun(SuiteRunner.java:340)
	at org.testng.SuiteRunner.run(SuiteRunner.java:289)
	at org.testng.SuiteRunnerWorker.runSuite(SuiteRunnerWorker.java:52)
	at org.testng.SuiteRunnerWorker.run(SuiteRunnerWorker.java:86)
	at org.testng.TestNG.runSuitesSequentially(TestNG.java:1293)
	at org.testng.TestNG.runSuitesLocally(TestNG.java:1218)
	at org.testng.TestNG.runSuites(TestNG.java:1133)
	at org.testng.TestNG.run(TestNG.java:1104)
	at org.apache.maven.surefire.testng.TestNGExecutor.run(TestNGExecutor.java:283)
	at org.apache.maven.surefire.testng.TestNGXmlTestSuite.execute(TestNGXmlTestSuite.java:75)
	at org.apache.maven.surefire.testng.TestNGProvider.invoke(TestNGProvider.java:120)
	at org.apache.maven.surefire.booter.ForkedBooter.invokeProviderInSameClassLoader(ForkedBooter.java:373)
	at org.apache.maven.surefire.booter.ForkedBooter.runSuitesInProcess(ForkedBooter.java:334)
	at org.apache.maven.surefire.booter.ForkedBooter.execute(ForkedBooter.java:119)
	at org.apache.maven.surefire.booter.ForkedBooter.main(ForkedBooter.java:407)
]]>
            </full-stacktrace>
          </exception> <!-- java.lang.NumberFormatException -->
          <reporter-output>
          </reporter-output>
        </test-method> <!-- checkNoOfConfirmedCasesIsGreaterThan6000 -->
        <test-method status="PASS" signature="finish(java.lang.reflect.Method)[pri:0, instance:com.ui.testautomation.CovidIndiaUITest@1e54cb33]" name="finish" is-config="true" duration-ms="69" started-at="2020-04-13T22:45:19Z" finished-at="2020-04-13T22:45:19Z">
          <params>
            <param index="0">
              <value>
                <![CDATA[public void com.ui.testautomation.CovidIndiaUITest.checkNoOfConfirmedCasesIsGreaterThan6000()]]>
              </value>
            </param>
          </params>
          <reporter-output>
          </reporter-output>
        </test-method> <!-- finish -->
        <test-method status="PASS" signature="quit()[pri:0, instance:com.ui.testautomation.CovidIndiaUITest@1e54cb33]" name="quit" is-config="true" duration-ms="102" started-at="2020-04-13T22:45:19Z" finished-at="2020-04-13T22:45:19Z">
          <reporter-output>
          </reporter-output>
        </test-method> <!-- quit -->
      </class> <!-- com.ui.testautomation.CovidIndiaUITest -->
    </test> <!-- Test_Framework-Basic_Tests -->
  </suite> <!-- Covid19IndiaTestReport -->
</testng-results>
