<?xml version="1.0" encoding="UTF-8"?>
<testng-results skipped="0" failed="0" ignored="0" total="1" passed="1">
  <reporter-output>
  </reporter-output>
  <suite name="Covid19IndiaTestReport" duration-ms="86008" started-at="2020-04-15T08:50:59Z" finished-at="2020-04-15T08:52:25Z">
    <groups>
      <group name="regression">
        <method signature="CovidIndiaUITest.checkCaseCalculationsForAllStates()[pri:0, instance:com.ui.testautomation.CovidIndiaUITest@33cbfa57]" name="checkCaseCalculationsForAllStates" class="com.ui.testautomation.CovidIndiaUITest"/>
      </group> <!-- regression -->
      <group name="smoke">
        <method signature="CovidIndiaUITest.checkCaseCalculationsForAllStates()[pri:0, instance:com.ui.testautomation.CovidIndiaUITest@33cbfa57]" name="checkCaseCalculationsForAllStates" class="com.ui.testautomation.CovidIndiaUITest"/>
        <method signature="CovidIndiaUITest.checkCaseCalculationsForChandigarh()[pri:0, instance:com.ui.testautomation.CovidIndiaUITest@33cbfa57]" name="checkCaseCalculationsForChandigarh" class="com.ui.testautomation.CovidIndiaUITest"/>
      </group> <!-- smoke -->
      <group name="sanity">
        <method signature="CovidIndiaUITest.checkCaseCalculationsForDelhi()[pri:0, instance:com.ui.testautomation.CovidIndiaUITest@33cbfa57]" name="checkCaseCalculationsForDelhi" class="com.ui.testautomation.CovidIndiaUITest"/>
      </group> <!-- sanity -->
    </groups>
    <test name="Test_Framework-Basic_Tests" duration-ms="86008" started-at="2020-04-15T08:50:59Z" finished-at="2020-04-15T08:52:25Z">
      <class name="com.ui.testautomation.CovidIndiaUITest">
        <test-method status="PASS" signature="initiateMethod(java.lang.reflect.Method)[pri:0, instance:com.ui.testautomation.CovidIndiaUITest@33cbfa57]" name="initiateMethod" is-config="true" duration-ms="1536" started-at="2020-04-15T14:20:59Z" finished-at="2020-04-15T14:21:00Z">
          <params>
            <param index="0">
              <value>
                <![CDATA[public void com.ui.testautomation.CovidIndiaUITest.checkCaseCalculationsForAllStates()]]>
              </value>
            </param>
          </params>
          <reporter-output>
          </reporter-output>
        </test-method> <!-- initiateMethod -->
        <test-method status="PASS" signature="checkCaseCalculationsForAllStates()[pri:0, instance:com.ui.testautomation.CovidIndiaUITest@33cbfa57]" name="checkCaseCalculationsForAllStates" duration-ms="80054" started-at="2020-04-15T14:21:00Z" description="Checks &amp; verify the total case calculation after recovered and death for all 32 states of INDIA" finished-at="2020-04-15T14:22:20Z">
          <reporter-output>
          </reporter-output>
        </test-method> <!-- checkCaseCalculationsForAllStates -->
        <test-method status="PASS" signature="finish(java.lang.reflect.Method)[pri:0, instance:com.ui.testautomation.CovidIndiaUITest@33cbfa57]" name="finish" is-config="true" duration-ms="4324" started-at="2020-04-15T14:22:20Z" finished-at="2020-04-15T14:22:25Z">
          <params>
            <param index="0">
              <value>
                <![CDATA[public void com.ui.testautomation.CovidIndiaUITest.checkCaseCalculationsForAllStates()]]>
              </value>
            </param>
          </params>
          <reporter-output>
          </reporter-output>
        </test-method> <!-- finish -->
        <test-method status="PASS" signature="quit()[pri:0, instance:com.ui.testautomation.CovidIndiaUITest@33cbfa57]" name="quit" is-config="true" duration-ms="70" started-at="2020-04-15T14:22:25Z" finished-at="2020-04-15T14:22:25Z">
          <reporter-output>
          </reporter-output>
        </test-method> <!-- quit -->
      </class> <!-- com.ui.testautomation.CovidIndiaUITest -->
    </test> <!-- Test_Framework-Basic_Tests -->
  </suite> <!-- Covid19IndiaTestReport -->
</testng-results>
