<?xml version="1.0" encoding="UTF-8"?>
<testsuite xmlns:xsi="http://www.w3.org/2001/XMLSchema-instance" xsi:noNamespaceSchemaLocation="https://maven.apache.org/surefire/maven-surefire-plugin/xsd/surefire-test-report.xsd" name="TestSuite" time="822.196" tests="10" errors="0" skipped="0" failures="2">
  <properties>
[...]
</properties>
  <testcase name="checkCaseCalculationsForAllStates" classname="com.ui.testautomation.CovidIndiaUITest" time="33.677">
    <failure message="Case calculations are not matching expected [true] but found [false]" type="java.lang.AssertionError">java.lang.AssertionError: Case calculations are not matching expected [true] but found [false]
	at com.ui.testautomation.CovidIndiaUITest.checkCaseCalculationsForAllStates(CovidIndiaUITest.java:88)
</failure>
    <system-out><![CDATA[Fetched properties file on location : D:\git\test-framework-restassured-selenium-spring-00/log4j.properties
System value 'log4j.overwrite' : true
Modified properties file with key : log4j.appender.HTML_FILE.Append, Value : true
Properties file on locationD:\git\test-framework-restassured-selenium-spring-00/log4j.properties updated
Modified properties file with key : log4j.appender.FILE.Append, Value : true
Properties file on locationD:\git\test-framework-restassured-selenium-spring-00/log4j.properties updated
Spring Bean initiation of Rest Call class
Driver session is active
Initiating Method : checkCaseCalculationsForAllStates
Screen shot captured at Covid19IndiaDashboard page
Find the screen shot at : src/test/resources/shots/RDB_00_Covid19India_Covid19IndiaDashboard.jpg
Screen shot captured at Covid19IndiaDashboard page
Find the screen shot at : src/test/resources/shots/RDB_01_Covid19India_Covid19IndiaDashboard.jpg
Navigated to : http://www.covid19India.org
Screen shot captured at Covid19IndiaDashboard page
Find the screen shot at : src/test/resources/shots/RDB_02_Covid19India_Covid19IndiaDashboard.jpg
State :Maharashtra
Confirmed : 14541, Active : 11493, Recovered : 2465, Deceased : 583
Verified Active Cases : Confirmed - Recovered + deceased
14541 - 2465 + 583 = 11493
Screen shot captured at Covid19IndiaDashboard_Maharashtra_StateScenario page
Find the screen shot at : src/test/resources/shots/RDB_03_Covid19India_Covid19IndiaDashboard_Maharashtra_StateScenario.jpg
State :Gujarat
Confirmed : 5804, Active : 4290, Recovered : 1195, Deceased : 319
Verified Active Cases : Confirmed - Recovered + deceased
5804 - 1195 + 319 = 4290
Screen shot captured at Covid19IndiaDashboard_Gujarat_StateScenario page
Find the screen shot at : src/test/resources/shots/RDB_04_Covid19India_Covid19IndiaDashboard_Gujarat_StateScenario.jpg
State :Delhi
Confirmed : 4898, Active : 3403, Recovered : 1431, Deceased : 64
Verified Active Cases : Confirmed - Recovered + deceased
4898 - 1431 + 64 = 3403
Screen shot captured at Covid19IndiaDashboard_Delhi_StateScenario page
Find the screen shot at : src/test/resources/shots/RDB_05_Covid19India_Covid19IndiaDashboard_Delhi_StateScenario.jpg
State :Tamil Nadu
Confirmed : 3550, Active : 2110, Recovered : 1409, Deceased : 31
Verified Active Cases : Confirmed - Recovered + deceased
3550 - 1409 + 31 = 2110
Screen shot captured at Covid19IndiaDashboard_Tamil Nadu_StateScenario page
Find the screen shot at : src/test/resources/shots/RDB_06_Covid19India_Covid19IndiaDashboard_Tamil Nadu_StateScenario.jpg
State :Rajasthan
Confirmed : 3099, Active : 1577, Recovered : 1440, Deceased : 82
Verified Active Cases : Confirmed - Recovered + deceased
3099 - 1440 + 82 = 1577
Screen shot captured at Covid19IndiaDashboard_Rajasthan_StateScenario page
Find the screen shot at : src/test/resources/shots/RDB_07_Covid19India_Covid19IndiaDashboard_Rajasthan_StateScenario.jpg
State :Madhya Pradesh
Confirmed : 2942, Active : 1921, Recovered : 856, Deceased : 165
Verified Active Cases : Confirmed - Recovered + deceased
2942 - 856 + 165 = 1921
Screen shot captured at Covid19IndiaDashboard_Madhya Pradesh_StateScenario page
Find the screen shot at : src/test/resources/shots/RDB_08_Covid19India_Covid19IndiaDashboard_Madhya Pradesh_StateScenario.jpg
State :Uttar Pradesh
Confirmed : 2766, Active : 1914, Recovered : 802, Deceased : 50
Verified Active Cases : Confirmed - Recovered + deceased
2766 - 802 + 50 = 1914
Screen shot captured at Covid19IndiaDashboard_Uttar Pradesh_StateScenario page
Find the screen shot at : src/test/resources/shots/RDB_09_Covid19India_Covid19IndiaDashboard_Uttar Pradesh_StateScenario.jpg
State :Andhra Pradesh
Confirmed : 1717, Active : 1094, Recovered : 589, Deceased : 34
Verified Active Cases : Confirmed - Recovered + deceased
1717 - 589 + 34 = 1094
Screen shot captured at Covid19IndiaDashboard_Andhra Pradesh_StateScenario page
Find the screen shot at : src/test/resources/shots/RDB_10_Covid19India_Covid19IndiaDashboard_Andhra Pradesh_StateScenario.jpg
State :West Bengal
Confirmed : 1259, Active : 908, Recovered : 218, Deceased : 133
Verified Active Cases : Confirmed - Recovered + deceased
1259 - 218 + 133 = 908
Screen shot captured at Covid19IndiaDashboard_West Bengal_StateScenario page
Find the screen shot at : src/test/resources/shots/RDB_11_Covid19India_Covid19IndiaDashboard_West Bengal_StateScenario.jpg
State :Punjab
Confirmed : 1232, Active : 1081, Recovered : 128, Deceased : 23
Verified Active Cases : Confirmed - Recovered + deceased
1232 - 128 + 23 = 1081
Screen shot captured at Covid19IndiaDashboard_Punjab_StateScenario page
Find the screen shot at : src/test/resources/shots/RDB_12_Covid19India_Covid19IndiaDashboard_Punjab_StateScenario.jpg
State :Telangana
Confirmed : 1085, Active : 471, Recovered : 585, Deceased : 29
Verified Active Cases : Confirmed - Recovered + deceased
1085 - 585 + 29 = 471
Screen shot captured at Covid19IndiaDashboard_Telangana_StateScenario page
Find the screen shot at : src/test/resources/shots/RDB_13_Covid19India_Covid19IndiaDashboard_Telangana_StateScenario.jpg
State :Jammu and Kashmir
Confirmed : 726, Active : 415, Recovered : 303, Deceased : 8
Verified Active Cases : Confirmed - Recovered + deceased
726 - 303 + 8 = 415
Screen shot captured at Covid19IndiaDashboard_Jammu and Kashmir_StateScenario page
Find the screen shot at : src/test/resources/shots/RDB_14_Covid19India_Covid19IndiaDashboard_Jammu and Kashmir_StateScenario.jpg
State :Karnataka
Confirmed : 659, Active : 310, Recovered : 321, Deceased : 27
Verified Active Cases : Confirmed - Recovered + deceased
659 - 321 + 27 = 311
]]></system-out>
    <system-err><![CDATA[log4j:WARN No appenders could be found for logger (com.app.testautomation.initiators.TestBaseSteps).
log4j:WARN Please initialize the log4j system properly.
log4j:WARN See http://logging.apache.org/log4j/1.2/faq.html#noconfig for more info.
Starting ChromeDriver 80.0.3987.106 (f68069574609230cf9b635cd784cfb1bf81bb53a-refs/branch-heads/3987@{#882}) on port 5896
Only local connections are allowed.
Please protect ports used by ChromeDriver and related test frameworks to prevent access by malicious code.
[1588668417.830][WARNING]: This version of ChromeDriver has not been tested with Chrome version 81.
[1588668419.869][WARNING]: Timed out connecting to Chrome, retrying...
[1588668423.888][WARNING]: Timed out connecting to Chrome, retrying...
May 05, 2020 2:17:05 PM org.openqa.selenium.remote.ProtocolHandshake createSession
INFO: Detected dialect: W3C
log4j:WARN No such property [maxFileSize] in org.apache.log4j.FileAppender.
log4j:WARN No such property [maxBackupIndex] in org.apache.log4j.FileAppender.
May 05, 2020 2:17:07 PM com.app.testautomation.listeners.BasicTestListeners onStart
INFO: Suite started :Covid19IndiaTestReport
May 05, 2020 2:17:07 PM com.app.testautomation.listeners.BasicTestListeners onStart
INFO: Test started at : 5 May 2020 08:47:07 GMT
May 05, 2020 2:17:07 PM com.app.testautomation.listeners.MethodInterceptorListener intercept
INFO: Intercepting methods as per group name provided
May 05, 2020 2:17:07 PM com.app.testautomation.listeners.MethodInterceptorListener intercept
INFO: As per requested groups : [default]
May 05, 2020 2:17:07 PM com.app.testautomation.listeners.MethodInterceptorListener intercept
INFO: checkCaseCalculationsForAllStates to be executed
May 05, 2020 2:17:07 PM com.app.testautomation.listeners.MethodInterceptorListener intercept
INFO: As per requested groups : [default]
May 05, 2020 2:17:07 PM com.app.testautomation.listeners.MethodInterceptorListener intercept
INFO: checkCaseCalculationsForChandigarh to be executed
May 05, 2020 2:17:07 PM com.app.testautomation.listeners.MethodInterceptorListener intercept
INFO: As per requested groups : [default]
May 05, 2020 2:17:07 PM com.app.testautomation.listeners.MethodInterceptorListener intercept
INFO: checkCaseCalculationsForDelhi to be executed
May 05, 2020 2:17:07 PM com.app.testautomation.listeners.MethodInterceptorListener intercept
INFO: As per requested groups : [default]
May 05, 2020 2:17:07 PM com.app.testautomation.listeners.MethodInterceptorListener intercept
INFO: checkCaseCalculationsOfTripuraIsGreaterThan10 to be executed
May 05, 2020 2:17:07 PM com.app.testautomation.listeners.MethodInterceptorListener intercept
INFO: As per requested groups : [default]
May 05, 2020 2:17:07 PM com.app.testautomation.listeners.MethodInterceptorListener intercept
INFO: checkNoOfConfirmedCasesIsGreaterThan26000 to be executed
May 05, 2020 2:17:07 PM com.app.testautomation.listeners.MethodInterceptorListener intercept
INFO: As per requested groups : [default]
May 05, 2020 2:17:07 PM com.app.testautomation.listeners.MethodInterceptorListener intercept
INFO: verifyGreenZonesOfAllStates to be executed
May 05, 2020 2:17:07 PM com.app.testautomation.listeners.MethodInterceptorListener intercept
INFO: As per requested groups : [default]
May 05, 2020 2:17:07 PM com.app.testautomation.listeners.MethodInterceptorListener intercept
INFO: verifyOrangeZonesOfAllStates to be executed
May 05, 2020 2:17:07 PM com.app.testautomation.listeners.MethodInterceptorListener intercept
INFO: As per requested groups : [default]
May 05, 2020 2:17:07 PM com.app.testautomation.listeners.MethodInterceptorListener intercept
INFO: verifyRedZonesOfAllStates to be executed
May 05, 2020 2:17:07 PM com.app.testautomation.listeners.MethodInterceptorListener intercept
INFO: As per requested groups : [default]
May 05, 2020 2:17:07 PM com.app.testautomation.listeners.MethodInterceptorListener intercept
INFO: verifyUnDefinedZonesOfAllStates to be executed
May 05, 2020 2:17:07 PM com.app.testautomation.listeners.MethodInterceptorListener intercept
INFO: As per requested groups : [default]
May 05, 2020 2:17:07 PM com.app.testautomation.listeners.MethodInterceptorListener intercept
INFO: verifyUnknownWhiteZonesOfAllStates to be executed
May 05, 2020 2:17:07 PM com.app.testautomation.listeners.MethodInvokeListener beforeInvocation
INFO: Method initiateMethod is not enabled
[1588668428.329][SEVERE]: Timed out receiving message from renderer: 0.100
[1588668428.433][SEVERE]: Timed out receiving message from renderer: 0.100
[1588668428.535][SEVERE]: Timed out receiving message from renderer: 0.100
[1588668428.638][SEVERE]: Timed out receiving message from renderer: 0.100
[1588668428.742][SEVERE]: Timed out receiving message from renderer: 0.100
[1588668428.844][SEVERE]: Timed out receiving message from renderer: 0.100
[1588668428.948][SEVERE]: Timed out receiving message from renderer: 0.100
[1588668429.052][SEVERE]: Timed out receiving message from renderer: 0.100
[1588668429.155][SEVERE]: Timed out receiving message from renderer: 0.100
[1588668429.257][SEVERE]: Timed out receiving message from renderer: 0.100
[1588668429.359][SEVERE]: Timed out receiving message from renderer: 0.100
[1588668429.461][SEVERE]: Timed out receiving message from renderer: 0.100
[1588668429.562][SEVERE]: Timed out receiving message from renderer: 0.100
[1588668429.663][SEVERE]: Timed out receiving message from renderer: 0.100
[1588668429.766][SEVERE]: Timed out receiving message from renderer: 0.100
[1588668429.867][SEVERE]: Timed out receiving message from renderer: 0.100
[1588668429.968][SEVERE]: Timed out receiving message from renderer: 0.100
[1588668430.070][SEVERE]: Timed out receiving message from renderer: 0.100
[1588668430.174][SEVERE]: Timed out receiving message from renderer: 0.100
[1588668430.279][SEVERE]: Timed out receiving message from renderer: 0.100
[1588668430.384][SEVERE]: Timed out receiving message from renderer: 0.100
[1588668430.489][SEVERE]: Timed out receiving message from renderer: 0.100
[1588668430.595][SEVERE]: Timed out receiving message from renderer: 0.100
[1588668430.699][SEVERE]: Timed out receiving message from renderer: 0.100
[1588668430.806][SEVERE]: Timed out receiving message from renderer: 0.100
[1588668430.908][SEVERE]: Timed out receiving message from renderer: 0.100
[1588668431.009][SEVERE]: Timed out receiving message from renderer: 0.100
[1588668431.112][SEVERE]: Timed out receiving message from renderer: 0.100
[1588668431.920][SEVERE]: Timed out receiving message from renderer: 0.100
May 05, 2020 2:17:14 PM com.app.testautomation.listeners.BasicTestListeners onTestStart
INFO: Executiing method : checkCaseCalculationsForAllStates
May 05, 2020 2:17:14 PM com.app.testautomation.listeners.MethodInvokeListener beforeInvocation
INFO: Method checkCaseCalculationsForAllStates execution starts on : Tue May 05 14:17:14 IST 2020
May 05, 2020 2:17:48 PM com.app.testautomation.listeners.MethodInvokeListener afterInvocation
INFO: MethodcheckCaseCalculationsForAllStates execution completed on : Tue May 05 14:17:14 IST 2020
]]></system-err>
  </testcase>
  <testcase name="checkCaseCalculationsForChandigarh" classname="com.ui.testautomation.CovidIndiaUITest" time="14.465"/>
  <testcase name="checkCaseCalculationsForDelhi" classname="com.ui.testautomation.CovidIndiaUITest" time="10.863">
    <failure message="Data on UI &amp; API doesnot match expected [true] but found [false]" type="java.lang.AssertionError"><![CDATA[java.lang.AssertionError: Data on UI & API doesnot match expected [true] but found [false]
	at com.ui.testautomation.CovidIndiaUITest.checkCaseCalculationsForDelhi(CovidIndiaUITest.java:62)
]]></failure>
    <system-out><![CDATA[checkCaseCalculationsForChandigarh executed.
Driver is closed
Driver called off
Driver session is not active
invalid session id
Build info: version: '3.11.0', revision: 'e59cfb3', time: '2018-03-11T20:26:55.152Z'
System info: host: 'RANADEEP_BANIK', ip: '192.168.1.75', os.name: 'Windows 10', os.arch: 'amd64', os.version: '10.0', java.version: '1.8.0_241'
Driver info: org.openqa.selenium.chrome.ChromeDriver
Capabilities {acceptInsecureCerts: true, browserName: chrome, browserVersion: 81.0.4044.129, chrome: {chromedriverVersion: 80.0.3987.106 (f68069574609..., userDataDir: C:\Users\ranad\AppData\Loca...}, goog:chromeOptions: {debuggerAddress: localhost:54322}, javascriptEnabled: true, networkConnectionEnabled: false, pageLoadStrategy: normal, platform: WINDOWS, platformName: WINDOWS, proxy: Proxy(), setWindowRect: true, strictFileInteractability: false, timeouts: {implicit: 0, pageLoad: 300000, script: 30000}, unhandledPromptBehavior: dismiss and notify}
Session ID: 8ca5d3f2615aeb6225d763a4e68a9006
return new ApplicationContextInitiator()
Application context created and initiated all the beans in Spring bean container
Default properties/capabilities initiated for CHROME driver
Default properties/capabilities initiated for FIREFOX driver
Default properties/capabilities initiated for INTERNET EXPLORER driver
Default properties/capabilities initiated for FIREFOX driver
Driver instance is null
Browser key provided : chrome
Starting GOOGLE CHROME Driver....
chrome browser initiated
Driver implicit wait initiated for 30 SECONDS
Screen shot captured while driver initiation
Find the screen shot at : src/test/resources/shots/Abosulute-Driver_0_chrome.jpg
Screen shot captured while driver initiation
Find the screen shot at : src/test/resources/shots/Abosulute-Driver_1_chrome.jpg
Browser window maximized
WebDriver initiated
Fetched properties file on location : D:\git\test-framework-restassured-selenium-spring-00/log4j.properties
System value 'log4j.overwrite' : true
Modified properties file with key : log4j.appender.HTML_FILE.Append, Value : true
Properties file on locationD:\git\test-framework-restassured-selenium-spring-00/log4j.properties updated
Modified properties file with key : log4j.appender.FILE.Append, Value : true
Properties file on locationD:\git\test-framework-restassured-selenium-spring-00/log4j.properties updated
Spring Bean initiation of Rest Call class
Initiating Method : checkCaseCalculationsForDelhi
Screen shot captured at Covid19IndiaDashboard page
Find the screen shot at : src/test/resources/shots/RDB_19_Covid19India_Covid19IndiaDashboard.jpg
Screen shot captured at Covid19IndiaDashboard page
Find the screen shot at : src/test/resources/shots/RDB_20_Covid19India_Covid19IndiaDashboard.jpg
Navigated to : http://www.covid19India.org
Screen shot captured at Covid19IndiaDashboard page
Find the screen shot at : src/test/resources/shots/RDB_21_Covid19India_Covid19IndiaDashboard.jpg
State :DELHI
Confirmed : 4898, Active : 3403, Recovered : 1431, Deceased : 64
Verified Active Cases : Confirmed - Recovered + deceased
4898 - 1431 + 64 = 3403
Screen shot captured at Covid19IndiaDashboard_DELHI_StateScenario page
Find the screen shot at : src/test/resources/shots/RDB_22_Covid19India_Covid19IndiaDashboard_DELHI_StateScenario.jpg
Config file initiated
No such file found D:\git\test-framework-restassured-selenium-spring-00\src\test\resources\Covid19India\state-district-v2\Headers.properties
Headers : {sec-fetch-mode=cors, if-modified-since=Mon, 27 Apr 2020 12:41:53 GMT, referer=https://www.covid19india.org/, sec-fetch-site=same-site, accept-language=en-US,en;q=0.9, origin=https://www.covid19india.org, accept-encoding=gzip, deflate, br, accept=application/json, text/plain, */*, user-agent=Mozilla/5.0 (Windows NT 10.0; Win64; x64) AppleWebKit/537.36 (KHTML, like Gecko) Chrome/81.0.4044.122 Safari/537.36, sec-fetch-dest=empty}
Config file initiated
Fetching config property of : Covid19India
Fetching config property of : state-district-v2
Request method:	GET
Request URI:	https://api.covid19india.org/v2/state_district_wise.json
Proxy:			<none>
Request params:	<none>
Query params:	<none>
Form params:	<none>
Path params:	<none>
Headers:		sec-fetch-mode=cors
				if-modified-since=Mon, 27 Apr 2020 12:41:53 GMT
				referer=https://www.covid19india.org/
				sec-fetch-site=same-site
				accept-language=en-US,en;q=0.9
				origin=https://www.covid19india.org
				accept-encoding=gzip, deflate, br
				accept=application/json, text/plain, */*
				user-agent=Mozilla/5.0 (Windows NT 10.0; Win64; x64) AppleWebKit/537.36 (KHTML, like Gecko) Chrome/81.0.4044.122 Safari/537.36
				sec-fetch-dest=empty
Cookies:		<none>
Multiparts:		<none>
Body:			<none>
Screen shot captured at explicit_failed page
Find the screen shot at : src/test/resources/shots/RDB_23_Covid19India_explicit_failed.jpg
]]></system-out>
    <system-err><![CDATA[May 05, 2020 2:18:27 PM com.app.testautomation.listeners.MethodInvokeListener beforeInvocation
INFO: Method finish is not enabled
May 05, 2020 2:18:27 PM com.app.testautomation.listeners.MethodInvokeListener beforeInvocation
INFO: Method initiateMethod is not enabled
Starting ChromeDriver 80.0.3987.106 (f68069574609230cf9b635cd784cfb1bf81bb53a-refs/branch-heads/3987@{#882}) on port 2956
Only local connections are allowed.
Please protect ports used by ChromeDriver and related test frameworks to prevent access by malicious code.
[1588668509.521][WARNING]: This version of ChromeDriver has not been tested with Chrome version 81.
[1588668511.547][WARNING]: Timed out connecting to Chrome, retrying...
[1588668515.552][WARNING]: Timed out connecting to Chrome, retrying...
May 05, 2020 2:18:37 PM org.openqa.selenium.remote.ProtocolHandshake createSession
INFO: Detected dialect: W3C
log4j:WARN No such property [maxFileSize] in org.apache.log4j.FileAppender.
log4j:WARN No such property [maxBackupIndex] in org.apache.log4j.FileAppender.
[1588668518.583][SEVERE]: Timed out receiving message from renderer: 0.100
[1588668518.864][SEVERE]: Timed out receiving message from renderer: 0.100
[1588668519.059][SEVERE]: Timed out receiving message from renderer: 0.100
[1588668519.598][SEVERE]: Timed out receiving message from renderer: 0.100
[1588668520.097][SEVERE]: Timed out receiving message from renderer: 0.100
May 05, 2020 2:18:42 PM com.app.testautomation.listeners.BasicTestListeners onTestStart
INFO: Executiing method : checkCaseCalculationsForDelhi
May 05, 2020 2:18:42 PM com.app.testautomation.listeners.MethodInvokeListener beforeInvocation
INFO: Method checkCaseCalculationsForDelhi execution starts on : Tue May 05 14:18:42 IST 2020
May 05, 2020 2:18:53 PM com.app.testautomation.listeners.MethodInvokeListener afterInvocation
INFO: MethodcheckCaseCalculationsForDelhi execution completed on : Tue May 05 14:18:42 IST 2020
]]></system-err>
  </testcase>
  <testcase name="checkCaseCalculationsOfTripuraIsGreaterThan10" classname="com.ui.testautomation.CovidIndiaUITest" time="2.296"/>
  <testcase name="checkNoOfConfirmedCasesIsGreaterThan26000" classname="com.ui.testautomation.CovidIndiaUITest" time="0.059"/>
  <testcase name="verifyGreenZonesOfAllStates" classname="com.ui.testautomation.CovidIndiaUITest" time="111.139"/>
  <testcase name="verifyOrangeZonesOfAllStates" classname="com.ui.testautomation.CovidIndiaUITest" time="116.399"/>
  <testcase name="verifyRedZonesOfAllStates" classname="com.ui.testautomation.CovidIndiaUITest" time="110.674"/>
  <testcase name="verifyUnDefinedZonesOfAllStates" classname="com.ui.testautomation.CovidIndiaUITest" time="106.533"/>
  <testcase name="verifyUnknownWhiteZonesOfAllStates" classname="com.ui.testautomation.CovidIndiaUITest" time="104.154"/>
</testsuite>