<?xml version="1.0" encoding="UTF-8"?>
<testng-results skipped="1" failed="1" ignored="0" total="6" passed="4">
  <reporter-output>
  </reporter-output>
  <suite name="Covid19IndiaTestReport" duration-ms="174001" started-at="2020-04-27T20:34:16Z" finished-at="2020-04-27T20:37:10Z">
    <groups>
      <group name="regression">
        <method signature="CovidIndiaUITest.checkCaseCalculationsForAllStates()[pri:0, instance:com.ui.testautomation.CovidIndiaUITest@bf1ec20]" name="checkCaseCalculationsForAllStates" class="com.ui.testautomation.CovidIndiaUITest"/>
      </group> <!-- regression -->
      <group name="smoke">
        <method signature="CovidIndiaUITest.checkCaseCalculationsForAllStates()[pri:0, instance:com.ui.testautomation.CovidIndiaUITest@bf1ec20]" name="checkCaseCalculationsForAllStates" class="com.ui.testautomation.CovidIndiaUITest"/>
        <method signature="CovidIndiaUITest.checkCaseCalculationsForChandigarh()[pri:0, instance:com.ui.testautomation.CovidIndiaUITest@bf1ec20]" name="checkCaseCalculationsForChandigarh" class="com.ui.testautomation.CovidIndiaUITest"/>
      </group> <!-- smoke -->
      <group name="sanity">
        <method signature="CovidIndiaUITest.checkCaseCalculationsForDelhi()[pri:0, instance:com.ui.testautomation.CovidIndiaUITest@bf1ec20]" name="checkCaseCalculationsForDelhi" class="com.ui.testautomation.CovidIndiaUITest"/>
      </group> <!-- sanity -->
      <group name="failed">
        <method signature="CovidIndiaUITest.checkCaseCalculationsOfTripuraIsGreaterThan10()[pri:0, instance:com.ui.testautomation.CovidIndiaUITest@bf1ec20]" name="checkCaseCalculationsOfTripuraIsGreaterThan10" class="com.ui.testautomation.CovidIndiaUITest"/>
      </group> <!-- failed -->
    </groups>
    <test name="Test_Framework-Basic_Tests" duration-ms="174001" started-at="2020-04-27T20:34:16Z" finished-at="2020-04-27T20:37:10Z">
      <class name="com.ui.testautomation.CovidIndiaUITest">
        <test-method status="PASS" signature="initiateMethod(java.lang.reflect.Method)[pri:0, instance:com.ui.testautomation.CovidIndiaUITest@bf1ec20]" name="initiateMethod" is-config="true" duration-ms="2658" started-at="2020-04-28T02:04:16Z" finished-at="2020-04-28T02:04:18Z">
          <params>
            <param index="0">
              <value>
                <![CDATA[public void com.ui.testautomation.CovidIndiaUITest.checkCaseCalculationsForAllStates()]]>
              </value>
            </param>
          </params>
          <reporter-output>
          </reporter-output>
        </test-method> <!-- initiateMethod -->
        <test-method status="PASS" signature="checkCaseCalculationsForAllStates()[pri:0, instance:com.ui.testautomation.CovidIndiaUITest@bf1ec20]" name="checkCaseCalculationsForAllStates" duration-ms="74127" started-at="2020-04-28T02:04:18Z" description="Checks &amp; verify the total case calculation after recovered and death for all 32 states of INDIA" finished-at="2020-04-28T02:05:33Z">
          <reporter-output>
          </reporter-output>
        </test-method> <!-- checkCaseCalculationsForAllStates -->
        <test-method status="PASS" signature="finish(java.lang.reflect.Method)[pri:0, instance:com.ui.testautomation.CovidIndiaUITest@bf1ec20]" name="finish" is-config="true" duration-ms="10215" started-at="2020-04-28T02:05:33Z" finished-at="2020-04-28T02:05:43Z">
          <params>
            <param index="0">
              <value>
                <![CDATA[public void com.ui.testautomation.CovidIndiaUITest.checkCaseCalculationsForAllStates()]]>
              </value>
            </param>
          </params>
          <reporter-output>
          </reporter-output>
        </test-method> <!-- finish -->
        <test-method status="PASS" signature="initiateMethod(java.lang.reflect.Method)[pri:0, instance:com.ui.testautomation.CovidIndiaUITest@bf1ec20]" name="initiateMethod" is-config="true" duration-ms="12091" started-at="2020-04-28T02:05:43Z" finished-at="2020-04-28T02:05:55Z">
          <params>
            <param index="0">
              <value>
                <![CDATA[public void com.ui.testautomation.CovidIndiaUITest.checkCaseCalculationsForChandigarh()]]>
              </value>
            </param>
          </params>
          <reporter-output>
          </reporter-output>
        </test-method> <!-- initiateMethod -->
        <test-method status="PASS" signature="checkCaseCalculationsForChandigarh()[pri:0, instance:com.ui.testautomation.CovidIndiaUITest@bf1ec20]" name="checkCaseCalculationsForChandigarh" duration-ms="11751" started-at="2020-04-28T02:05:55Z" description="Checks &amp; verify the total case calculation after recovered and death for Chandigarh" finished-at="2020-04-28T02:06:07Z">
          <reporter-output>
          </reporter-output>
        </test-method> <!-- checkCaseCalculationsForChandigarh -->
        <test-method status="PASS" signature="finish(java.lang.reflect.Method)[pri:0, instance:com.ui.testautomation.CovidIndiaUITest@bf1ec20]" name="finish" is-config="true" duration-ms="249" started-at="2020-04-28T02:06:07Z" finished-at="2020-04-28T02:06:07Z">
          <params>
            <param index="0">
              <value>
                <![CDATA[public void com.ui.testautomation.CovidIndiaUITest.checkCaseCalculationsForChandigarh()]]>
              </value>
            </param>
          </params>
          <reporter-output>
          </reporter-output>
        </test-method> <!-- finish -->
        <test-method status="PASS" signature="initiateMethod(java.lang.reflect.Method)[pri:0, instance:com.ui.testautomation.CovidIndiaUITest@bf1ec20]" name="initiateMethod" is-config="true" duration-ms="11992" started-at="2020-04-28T02:06:07Z" finished-at="2020-04-28T02:06:19Z">
          <params>
            <param index="0">
              <value>
                <![CDATA[public void com.ui.testautomation.CovidIndiaUITest.checkCaseCalculationsForDelhi()]]>
              </value>
            </param>
          </params>
          <reporter-output>
          </reporter-output>
        </test-method> <!-- initiateMethod -->
        <test-method status="PASS" signature="checkCaseCalculationsForDelhi()[pri:0, instance:com.ui.testautomation.CovidIndiaUITest@bf1ec20]" name="checkCaseCalculationsForDelhi" duration-ms="8589" started-at="2020-04-28T02:06:19Z" description="Checks &amp; verify the total case calculation after recovered and death for Maharashtra" finished-at="2020-04-28T02:06:27Z">
          <reporter-output>
          </reporter-output>
        </test-method> <!-- checkCaseCalculationsForDelhi -->
        <test-method status="PASS" signature="finish(java.lang.reflect.Method)[pri:0, instance:com.ui.testautomation.CovidIndiaUITest@bf1ec20]" name="finish" is-config="true" duration-ms="227" started-at="2020-04-28T02:06:27Z" finished-at="2020-04-28T02:06:28Z">
          <params>
            <param index="0">
              <value>
                <![CDATA[public void com.ui.testautomation.CovidIndiaUITest.checkCaseCalculationsForDelhi()]]>
              </value>
            </param>
          </params>
          <reporter-output>
          </reporter-output>
        </test-method> <!-- finish -->
        <test-method status="PASS" signature="initiateMethod(java.lang.reflect.Method)[pri:0, instance:com.ui.testautomation.CovidIndiaUITest@bf1ec20]" name="initiateMethod" is-config="true" duration-ms="12083" started-at="2020-04-28T02:06:28Z" finished-at="2020-04-28T02:06:40Z">
          <params>
            <param index="0">
              <value>
                <![CDATA[public void com.ui.testautomation.CovidIndiaUITest.checkCaseCalculationsOfTripuraIsGreaterThan10()]]>
              </value>
            </param>
          </params>
          <reporter-output>
          </reporter-output>
        </test-method> <!-- initiateMethod -->
        <test-method status="SKIP" signature="checkCaseCalculationsOfTripuraIsGreaterThan10()[pri:0, instance:com.ui.testautomation.CovidIndiaUITest@bf1ec20]" name="checkCaseCalculationsOfTripuraIsGreaterThan10" duration-ms="2442" started-at="2020-04-28T02:06:40Z" description="check case count of Tripura is more than 10" finished-at="2020-04-28T02:06:42Z">
          <exception class="java.lang.AssertionError">
            <message>
              <![CDATA[Case count is not greater than 10 expected [true] but found [false]]]>
            </message>
            <full-stacktrace>
              <![CDATA[java.lang.AssertionError: Case count is not greater than 10 expected [true] but found [false]
	at org.testng.Assert.fail(Assert.java:94)
	at org.testng.Assert.failNotEquals(Assert.java:513)
	at org.testng.Assert.assertTrue(Assert.java:42)
	at com.app.testautomation.utilities.Assertions.assertTrue(Assertions.java:24)
	at com.ui.testautomation.CovidIndiaUITest.checkCaseCalculationsOfTripuraIsGreaterThan10(CovidIndiaUITest.java:91)
	at sun.reflect.NativeMethodAccessorImpl.invoke0(Native Method)
	at sun.reflect.NativeMethodAccessorImpl.invoke(NativeMethodAccessorImpl.java:62)
	at sun.reflect.DelegatingMethodAccessorImpl.invoke(DelegatingMethodAccessorImpl.java:43)
	at java.lang.reflect.Method.invoke(Method.java:498)
	at org.testng.internal.MethodInvocationHelper.invokeMethod(MethodInvocationHelper.java:104)
	at org.testng.internal.Invoker.invokeMethod(Invoker.java:645)
	at org.testng.internal.Invoker.invokeTestMethod(Invoker.java:851)
	at org.testng.internal.Invoker.invokeTestMethods(Invoker.java:1177)
	at org.testng.internal.TestMethodWorker.invokeTestMethods(TestMethodWorker.java:129)
	at org.testng.internal.TestMethodWorker.run(TestMethodWorker.java:112)
	at org.testng.TestRunner.privateRun(TestRunner.java:756)
	at org.testng.TestRunner.run(TestRunner.java:610)
	at org.testng.SuiteRunner.runTest(SuiteRunner.java:387)
	at org.testng.SuiteRunner.runSequentially(SuiteRunner.java:382)
	at org.testng.SuiteRunner.privateRun(SuiteRunner.java:340)
	at org.testng.SuiteRunner.run(SuiteRunner.java:289)
	at org.testng.SuiteRunnerWorker.runSuite(SuiteRunnerWorker.java:52)
	at org.testng.SuiteRunnerWorker.run(SuiteRunnerWorker.java:86)
	at org.testng.TestNG.runSuitesSequentially(TestNG.java:1293)
	at org.testng.TestNG.runSuitesLocally(TestNG.java:1218)
	at org.testng.TestNG.runSuites(TestNG.java:1133)
	at org.testng.TestNG.run(TestNG.java:1104)
	at org.apache.maven.surefire.testng.TestNGExecutor.run(TestNGExecutor.java:283)
	at org.apache.maven.surefire.testng.TestNGXmlTestSuite.execute(TestNGXmlTestSuite.java:75)
	at org.apache.maven.surefire.testng.TestNGProvider.invoke(TestNGProvider.java:120)
	at org.apache.maven.surefire.booter.ForkedBooter.invokeProviderInSameClassLoader(ForkedBooter.java:373)
	at org.apache.maven.surefire.booter.ForkedBooter.runSuitesInProcess(ForkedBooter.java:334)
	at org.apache.maven.surefire.booter.ForkedBooter.execute(ForkedBooter.java:119)
	at org.apache.maven.surefire.booter.ForkedBooter.main(ForkedBooter.java:407)
]]>
            </full-stacktrace>
          </exception> <!-- java.lang.AssertionError -->
          <reporter-output>
          </reporter-output>
        </test-method> <!-- checkCaseCalculationsOfTripuraIsGreaterThan10 -->
        <test-method status="PASS" signature="finish(java.lang.reflect.Method)[pri:0, instance:com.ui.testautomation.CovidIndiaUITest@bf1ec20]" name="finish" is-config="true" duration-ms="156" started-at="2020-04-28T02:06:42Z" finished-at="2020-04-28T02:06:42Z">
          <params>
            <param index="0">
              <value>
                <![CDATA[public void com.ui.testautomation.CovidIndiaUITest.checkCaseCalculationsOfTripuraIsGreaterThan10()]]>
              </value>
            </param>
          </params>
          <reporter-output>
          </reporter-output>
        </test-method> <!-- finish -->
        <test-method status="PASS" signature="initiateMethod(java.lang.reflect.Method)[pri:0, instance:com.ui.testautomation.CovidIndiaUITest@bf1ec20]" name="initiateMethod" is-config="true" duration-ms="12152" started-at="2020-04-28T02:06:42Z" finished-at="2020-04-28T02:06:55Z">
          <params>
            <param index="0">
              <value>
                <![CDATA[public void com.ui.testautomation.CovidIndiaUITest.checkCaseCalculationsOfTripuraIsGreaterThan10()]]>
              </value>
            </param>
          </params>
          <reporter-output>
          </reporter-output>
        </test-method> <!-- initiateMethod -->
        <test-method status="FAIL" signature="checkCaseCalculationsOfTripuraIsGreaterThan10()[pri:0, instance:com.ui.testautomation.CovidIndiaUITest@bf1ec20]" name="checkCaseCalculationsOfTripuraIsGreaterThan10" duration-ms="2571" started-at="2020-04-28T02:06:55Z" description="check case count of Tripura is more than 10" finished-at="2020-04-28T02:06:57Z">
          <exception class="java.lang.AssertionError">
            <message>
              <![CDATA[Case count is not greater than 10 expected [true] but found [false]]]>
            </message>
            <full-stacktrace>
              <![CDATA[java.lang.AssertionError: Case count is not greater than 10 expected [true] but found [false]
	at org.testng.Assert.fail(Assert.java:94)
	at org.testng.Assert.failNotEquals(Assert.java:513)
	at org.testng.Assert.assertTrue(Assert.java:42)
	at com.app.testautomation.utilities.Assertions.assertTrue(Assertions.java:24)
	at com.ui.testautomation.CovidIndiaUITest.checkCaseCalculationsOfTripuraIsGreaterThan10(CovidIndiaUITest.java:91)
	at sun.reflect.NativeMethodAccessorImpl.invoke0(Native Method)
	at sun.reflect.NativeMethodAccessorImpl.invoke(NativeMethodAccessorImpl.java:62)
	at sun.reflect.DelegatingMethodAccessorImpl.invoke(DelegatingMethodAccessorImpl.java:43)
	at java.lang.reflect.Method.invoke(Method.java:498)
	at org.testng.internal.MethodInvocationHelper.invokeMethod(MethodInvocationHelper.java:104)
	at org.testng.internal.Invoker.invokeMethod(Invoker.java:645)
	at org.testng.internal.Invoker.retryFailed(Invoker.java:998)
	at org.testng.internal.Invoker.invokeTestMethods(Invoker.java:1200)
	at org.testng.internal.TestMethodWorker.invokeTestMethods(TestMethodWorker.java:129)
	at org.testng.internal.TestMethodWorker.run(TestMethodWorker.java:112)
	at org.testng.TestRunner.privateRun(TestRunner.java:756)
	at org.testng.TestRunner.run(TestRunner.java:610)
	at org.testng.SuiteRunner.runTest(SuiteRunner.java:387)
	at org.testng.SuiteRunner.runSequentially(SuiteRunner.java:382)
	at org.testng.SuiteRunner.privateRun(SuiteRunner.java:340)
	at org.testng.SuiteRunner.run(SuiteRunner.java:289)
	at org.testng.SuiteRunnerWorker.runSuite(SuiteRunnerWorker.java:52)
	at org.testng.SuiteRunnerWorker.run(SuiteRunnerWorker.java:86)
	at org.testng.TestNG.runSuitesSequentially(TestNG.java:1293)
	at org.testng.TestNG.runSuitesLocally(TestNG.java:1218)
	at org.testng.TestNG.runSuites(TestNG.java:1133)
	at org.testng.TestNG.run(TestNG.java:1104)
	at org.apache.maven.surefire.testng.TestNGExecutor.run(TestNGExecutor.java:283)
	at org.apache.maven.surefire.testng.TestNGXmlTestSuite.execute(TestNGXmlTestSuite.java:75)
	at org.apache.maven.surefire.testng.TestNGProvider.invoke(TestNGProvider.java:120)
	at org.apache.maven.surefire.booter.ForkedBooter.invokeProviderInSameClassLoader(ForkedBooter.java:373)
	at org.apache.maven.surefire.booter.ForkedBooter.runSuitesInProcess(ForkedBooter.java:334)
	at org.apache.maven.surefire.booter.ForkedBooter.execute(ForkedBooter.java:119)
	at org.apache.maven.surefire.booter.ForkedBooter.main(ForkedBooter.java:407)
]]>
            </full-stacktrace>
          </exception> <!-- java.lang.AssertionError -->
          <reporter-output>
          </reporter-output>
        </test-method> <!-- checkCaseCalculationsOfTripuraIsGreaterThan10 -->
        <test-method status="PASS" signature="finish(java.lang.reflect.Method)[pri:0, instance:com.ui.testautomation.CovidIndiaUITest@bf1ec20]" name="finish" is-config="true" duration-ms="162" started-at="2020-04-28T02:06:57Z" finished-at="2020-04-28T02:06:57Z">
          <params>
            <param index="0">
              <value>
                <![CDATA[public void com.ui.testautomation.CovidIndiaUITest.checkCaseCalculationsOfTripuraIsGreaterThan10()]]>
              </value>
            </param>
          </params>
          <reporter-output>
          </reporter-output>
        </test-method> <!-- finish -->
        <test-method status="PASS" signature="initiateMethod(java.lang.reflect.Method)[pri:0, instance:com.ui.testautomation.CovidIndiaUITest@bf1ec20]" name="initiateMethod" is-config="true" duration-ms="12076" started-at="2020-04-28T02:06:57Z" finished-at="2020-04-28T02:07:09Z">
          <params>
            <param index="0">
              <value>
                <![CDATA[public void com.ui.testautomation.CovidIndiaUITest.checkNoOfConfirmedCasesIsGreaterThan26000()]]>
              </value>
            </param>
          </params>
          <reporter-output>
          </reporter-output>
        </test-method> <!-- initiateMethod -->
        <test-method status="PASS" signature="checkNoOfConfirmedCasesIsGreaterThan26000()[pri:0, instance:com.ui.testautomation.CovidIndiaUITest@bf1ec20]" name="checkNoOfConfirmedCasesIsGreaterThan26000" duration-ms="50" started-at="2020-04-28T02:07:09Z" description="validate the number of total confirmed case is greater than 6000 in India" finished-at="2020-04-28T02:07:09Z">
          <reporter-output>
          </reporter-output>
        </test-method> <!-- checkNoOfConfirmedCasesIsGreaterThan26000 -->
        <test-method status="PASS" signature="finish(java.lang.reflect.Method)[pri:0, instance:com.ui.testautomation.CovidIndiaUITest@bf1ec20]" name="finish" is-config="true" duration-ms="145" started-at="2020-04-28T02:07:09Z" finished-at="2020-04-28T02:07:10Z">
          <params>
            <param index="0">
              <value>
                <![CDATA[public void com.ui.testautomation.CovidIndiaUITest.checkNoOfConfirmedCasesIsGreaterThan26000()]]>
              </value>
            </param>
          </params>
          <reporter-output>
          </reporter-output>
        </test-method> <!-- finish -->
        <test-method status="PASS" signature="quit()[pri:0, instance:com.ui.testautomation.CovidIndiaUITest@bf1ec20]" name="quit" is-config="true" duration-ms="220" started-at="2020-04-28T02:07:10Z" finished-at="2020-04-28T02:07:10Z">
          <reporter-output>
          </reporter-output>
        </test-method> <!-- quit -->
      </class> <!-- com.ui.testautomation.CovidIndiaUITest -->
    </test> <!-- Test_Framework-Basic_Tests -->
  </suite> <!-- Covid19IndiaTestReport -->
</testng-results>
