-------------------------------------------------------------------------------
Test set: TestSuite
-------------------------------------------------------------------------------
Tests run: 2, Failures: 1, Errors: 0, Skipped: 1, Time elapsed: 41.305 s <<< FAILURE! - in TestSuite
checkCaseCalculationsOfTripuraIsGreaterThan10(com.ui.testautomation.CovidIndiaUITest)  Time elapsed: 3.172 s  <<< FAILURE!
java.lang.AssertionError: Case count is not greater than 10 expected [true] but found [false]
	at com.ui.testautomation.CovidIndiaUITest.checkCaseCalculationsOfTripuraIsGreaterThan10(CovidIndiaUITest.java:91)

