<?xml version="1.0" encoding="UTF-8"?>
<!-- Generated by org.testng.reporters.JUnitXMLReporter -->
<testsuite hostname="RANADEEP_BANIK" ignored="0" name="Test_Framework-Basic_Tests" tests="2" failures="1" timestamp="05 May 2020 13:43:34 GMT" time="139.281" errors="0">
  <testcase name="checkCaseCalculationsForDelhi" time="12.078" classname="com.ui.testautomation.CovidIndiaUITest">
    <failure type="java.lang.AssertionError" message="Data on UI &amp;amp; API doesnot match expected [true] but found [false]">
      <![CDATA[java.lang.AssertionError: Data on UI & API doesnot match expected [true] but found [false]
	at com.app.testautomation.utilities.Assertions.assertTrue(Assertions.java:24)
	at com.ui.testautomation.CovidIndiaUITest.checkCaseCalculationsForDelhi(CovidIndiaUITest.java:62)
... Removed 32 stack frames]]>
    </failure>
  </testcase> <!-- checkCaseCalculationsForDelhi -->
  <testcase name="verifyRedZonesOfAllStates" time="94.409" classname="com.ui.testautomation.CovidIndiaUITest"/>
</testsuite> <!-- Test_Framework-Basic_Tests -->
