<?xml version="1.0" encoding="UTF-8"?>
<!-- Generated by org.testng.reporters.JUnitXMLReporter -->
<testsuite hostname="RANADEEP_BANIK" ignored="0" name="Test_Framework-Basic_Tests" tests="10" failures="2" timestamp="05 May 2020 09:00:33 GMT" time="806.216" errors="0">
  <testcase name="checkCaseCalculationsForAllStates" time="33.673" classname="com.ui.testautomation.CovidIndiaUITest">
    <failure type="java.lang.AssertionError" message="Case calculations are not matching expected [true] but found [false]">
      <![CDATA[java.lang.AssertionError: Case calculations are not matching expected [true] but found [false]
	at com.ui.testautomation.pageobjectmodels.Covid19IndiaDashboard.validateStateUICalculation(Covid19IndiaDashboard.java:130)
	at com.ui.testautomation.pageobjectmodels.Covid19IndiaDashboard.validateAllStatesCaseCalculation(Covid19IndiaDashboard.java:195)
	at com.ui.testautomation.CovidIndiaUITest.checkCaseCalculationsForAllStates(CovidIndiaUITest.java:88)
... Removed 32 stack frames]]>
    </failure>
  </testcase> <!-- checkCaseCalculationsForAllStates -->
  <testcase name="checkCaseCalculationsForChandigarh" time="14.462" classname="com.ui.testautomation.CovidIndiaUITest"/>
  <testcase name="checkCaseCalculationsForDelhi" time="10.861" classname="com.ui.testautomation.CovidIndiaUITest">
    <failure type="java.lang.AssertionError" message="Data on UI &amp;amp; API doesnot match expected [true] but found [false]">
      <![CDATA[java.lang.AssertionError: Data on UI & API doesnot match expected [true] but found [false]
	at com.app.testautomation.utilities.Assertions.assertTrue(Assertions.java:24)
	at com.ui.testautomation.CovidIndiaUITest.checkCaseCalculationsForDelhi(CovidIndiaUITest.java:62)
... Removed 32 stack frames]]>
    </failure>
  </testcase> <!-- checkCaseCalculationsForDelhi -->
  <testcase name="checkCaseCalculationsOfTripuraIsGreaterThan10" time="2.296" classname="com.ui.testautomation.CovidIndiaUITest"/>
  <testcase name="checkNoOfConfirmedCasesIsGreaterThan26000" time="0.058" classname="com.ui.testautomation.CovidIndiaUITest"/>
  <testcase name="verifyGreenZonesOfAllStates" time="111.138" classname="com.ui.testautomation.CovidIndiaUITest"/>
  <testcase name="verifyOrangeZonesOfAllStates" time="116.398" classname="com.ui.testautomation.CovidIndiaUITest"/>
  <testcase name="verifyRedZonesOfAllStates" time="110.673" classname="com.ui.testautomation.CovidIndiaUITest"/>
  <testcase name="verifyUnDefinedZonesOfAllStates" time="106.532" classname="com.ui.testautomation.CovidIndiaUITest"/>
  <testcase name="verifyUnknownWhiteZonesOfAllStates" time="104.154" classname="com.ui.testautomation.CovidIndiaUITest"/>
</testsuite> <!-- Test_Framework-Basic_Tests -->
